[ 2016-11-18T18:36:03+08:00 ] 127.0.0.1 /
INFO: [ app_init ] --START--
INFO: Run Behavior\BuildLiteBehavior [ RunTime:0.000000s ]
INFO: [ app_init ] --END-- [ RunTime:0.000500s ]
INFO: [ app_begin ] --START--
INFO: Run Behavior\ReadHtmlCacheBehavior [ RunTime:0.000500s ]
INFO: [ app_begin ] --END-- [ RunTime:0.000500s ]
SQL: SHOW COLUMNS FROM `sc` [ RunTime:0.0090s ]
SQL: SELECT * FROM `sc` WHERE ( parent_sid=0 ) LIMIT 4   [ RunTime:0.0010s ]
SQL: SHOW COLUMNS FROM `slsc` [ RunTime:0.0075s ]
SQL: SELECT * FROM `slsc`  [ RunTime:0.0000s ]
SQL: SHOW COLUMNS FROM `recipecat` [ RunTime:0.0075s ]
SQL: SELECT * FROM `recipecat` WHERE ( parent_cid != 0 ) LIMIT 11   [ RunTime:0.0005s ]
SQL: SELECT * FROM `sc` WHERE ( parent_sid = 0 ) LIMIT 11   [ RunTime:0.0005s ]
SQL: SHOW COLUMNS FROM `huati` [ RunTime:0.0070s ]
SQL: SELECT * FROM `huati` ORDER BY pubtime desc LIMIT 10   [ RunTime:0.0000s ]
SQL: SHOW COLUMNS FROM `htimg` [ RunTime:0.0075s ]
SQL: SELECT `thumb_img` FROM `htimg` WHERE ( htid=12 ) LIMIT 4   [ RunTime:0.0000s ]
SQL: SHOW COLUMNS FROM `htcomm` [ RunTime:0.0070s ]
SQL: SELECT COUNT(*) AS tp_count FROM `htcomm` WHERE ( htid=12 ) LIMIT 1   [ RunTime:0.0000s ]
SQL: SELECT `thumb_img` FROM `htimg` WHERE ( htid=11 ) LIMIT 4   [ RunTime:0.0005s ]
SQL: SELECT COUNT(*) AS tp_count FROM `htcomm` WHERE ( htid=11 ) LIMIT 1   [ RunTime:0.0000s ]
SQL: SELECT `thumb_img` FROM `htimg` WHERE ( htid=1 ) LIMIT 4   [ RunTime:0.0005s ]
SQL: SELECT COUNT(*) AS tp_count FROM `htcomm` WHERE ( htid=1 ) LIMIT 1   [ RunTime:0.0000s ]
INFO: [ view_parse ] --START--
INFO: [ template_filter ] --START--
INFO: Run Behavior\ContentReplaceBehavior [ RunTime:0.000500s ]
INFO: [ template_filter ] --END-- [ RunTime:0.000500s ]
NOTIC: [8] Use of undefined constant cid - assumed 'cid' D:\phpStudy\WWW\pro\meishi\food\Runtime\Cache\Home\0e81cdeb7ee9417f3afdd1181f3c8e12.php 第 115 行.
NOTIC: [8] Use of undefined constant cid - assumed 'cid' D:\phpStudy\WWW\pro\meishi\food\Runtime\Cache\Home\0e81cdeb7ee9417f3afdd1181f3c8e12.php 第 115 行.
NOTIC: [8] Use of undefined constant cid - assumed 'cid' D:\phpStudy\WWW\pro\meishi\food\Runtime\Cache\Home\0e81cdeb7ee9417f3afdd1181f3c8e12.php 第 115 行.
NOTIC: [8] Use of undefined constant cid - assumed 'cid' D:\phpStudy\WWW\pro\meishi\food\Runtime\Cache\Home\0e81cdeb7ee9417f3afdd1181f3c8e12.php 第 115 行.
NOTIC: [8] Use of undefined constant cid - assumed 'cid' D:\phpStudy\WWW\pro\meishi\food\Runtime\Cache\Home\0e81cdeb7ee9417f3afdd1181f3c8e12.php 第 115 行.
NOTIC: [8] Use of undefined constant cid - assumed 'cid' D:\phpStudy\WWW\pro\meishi\food\Runtime\Cache\Home\0e81cdeb7ee9417f3afdd1181f3c8e12.php 第 115 行.
NOTIC: [8] Use of undefined constant cid - assumed 'cid' D:\phpStudy\WWW\pro\meishi\food\Runtime\Cache\Home\0e81cdeb7ee9417f3afdd1181f3c8e12.php 第 115 行.
NOTIC: [8] Use of undefined constant cid - assumed 'cid' D:\phpStudy\WWW\pro\meishi\food\Runtime\Cache\Home\0e81cdeb7ee9417f3afdd1181f3c8e12.php 第 115 行.
NOTIC: [8] Use of undefined constant cid - assumed 'cid' D:\phpStudy\WWW\pro\meishi\food\Runtime\Cache\Home\0e81cdeb7ee9417f3afdd1181f3c8e12.php 第 115 行.
NOTIC: [8] Use of undefined constant cid - assumed 'cid' D:\phpStudy\WWW\pro\meishi\food\Runtime\Cache\Home\0e81cdeb7ee9417f3afdd1181f3c8e12.php 第 115 行.
NOTIC: [8] Use of undefined constant cid - assumed 'cid' D:\phpStudy\WWW\pro\meishi\food\Runtime\Cache\Home\0e81cdeb7ee9417f3afdd1181f3c8e12.php 第 115 行.
INFO: Run Behavior\ParseTemplateBehavior [ RunTime:0.030004s ]
INFO: [ view_parse ] --END-- [ RunTime:0.030004s ]
INFO: [ view_filter ] --START--
INFO: Run Behavior\WriteHtmlCacheBehavior [ RunTime:0.001000s ]
INFO: [ view_filter ] --END-- [ RunTime:0.001000s ]
INFO: [ app_end ] --START--
INFO: Run Behavior\ShowPageTraceBehavior [ RunTime:0.001000s ]
INFO: [ app_end ] --END-- [ RunTime:0.001000s ]

[ 2016-11-18T18:36:18+08:00 ] 127.0.0.1 /index.php/Home/Recipe/index.html
INFO: [ app_init ] --START--
INFO: Run Behavior\BuildLiteBehavior [ RunTime:0.000000s ]
INFO: [ app_init ] --END-- [ RunTime:0.000500s ]
INFO: [ app_begin ] --START--
INFO: Run Behavior\ReadHtmlCacheBehavior [ RunTime:0.000500s ]
INFO: [ app_begin ] --END-- [ RunTime:0.000500s ]
SQL: SHOW COLUMNS FROM `recipe` [ RunTime:0.0095s ]
SQL: SELECT COUNT(*) AS tp_count FROM `recipe` LIMIT 1   [ RunTime:0.0005s ]
SQL: SELECT recipe.rid,`cid`,recipe.uid,`recipe_title`,u.user_name,atts.thumb_img FROM `recipe` left join recipeatts as atts on recipe.rid=atts.rid left join user as u on recipe.uid=u.uid  ORDER BY rid desc LIMIT 0,8   [ RunTime:0.0025s ]
INFO: [ view_parse ] --START--
INFO: [ template_filter ] --START--
INFO: Run Behavior\ContentReplaceBehavior [ RunTime:0.000000s ]
INFO: [ template_filter ] --END-- [ RunTime:0.000000s ]
INFO: Run Behavior\ParseTemplateBehavior [ RunTime:0.013002s ]
INFO: [ view_parse ] --END-- [ RunTime:0.013002s ]
INFO: [ view_filter ] --START--
INFO: Run Behavior\WriteHtmlCacheBehavior [ RunTime:0.000500s ]
INFO: [ view_filter ] --END-- [ RunTime:0.000500s ]
INFO: [ app_end ] --START--
INFO: Run Behavior\ShowPageTraceBehavior [ RunTime:0.000500s ]
INFO: [ app_end ] --END-- [ RunTime:0.000500s ]

[ 2016-11-18T18:36:21+08:00 ] 127.0.0.1 /index.php/Home/Recipe/recipecat.html
INFO: [ app_init ] --START--
INFO: Run Behavior\BuildLiteBehavior [ RunTime:0.000000s ]
INFO: [ app_init ] --END-- [ RunTime:0.001001s ]
INFO: [ app_begin ] --START--
INFO: Run Behavior\ReadHtmlCacheBehavior [ RunTime:0.001500s ]
INFO: [ app_begin ] --END-- [ RunTime:0.001500s ]
SQL: SHOW COLUMNS FROM `recipecat` [ RunTime:0.0095s ]
SQL: SELECT * FROM `recipecat` WHERE ( parent_cid=0 )  [ RunTime:0.0005s ]
SQL: SELECT * FROM `recipecat` WHERE ( ggid=1 )  [ RunTime:0.0005s ]
SQL: SELECT * FROM `recipecat` WHERE ( ggid=45 )  [ RunTime:0.0005s ]
SQL: SELECT * FROM `recipecat` WHERE ( ggid=8 )  [ RunTime:0.0000s ]
SQL: SELECT * FROM `recipecat` WHERE ( ggid=67 )  [ RunTime:0.0000s ]
SQL: SELECT * FROM `recipecat` WHERE ( ggid=68 )  [ RunTime:0.0000s ]
SQL: SELECT * FROM `recipecat` WHERE ( ggid=99 )  [ RunTime:0.0005s ]
SQL: SELECT * FROM `recipecat` WHERE ( ggid=111 )  [ RunTime:0.0005s ]
SQL: SELECT * FROM `recipecat` WHERE ( ggid=121 )  [ RunTime:0.0005s ]
SQL: SELECT * FROM `recipecat` WHERE ( ggid=146 )  [ RunTime:0.0005s ]
SQL: SELECT * FROM `recipecat` WHERE ( ggid=158 )  [ RunTime:0.0005s ]
SQL: SELECT * FROM `recipecat` WHERE ( ggid=175 )  [ RunTime:0.0005s ]
SQL: SELECT * FROM `recipecat` WHERE ( ggid=185 )  [ RunTime:0.0005s ]
SQL: SELECT * FROM `recipecat` WHERE ( ggid=227 )  [ RunTime:0.0000s ]
SQL: SELECT * FROM `recipecat` WHERE ( ggid=232 )  [ RunTime:0.0000s ]
SQL: SELECT * FROM `recipecat` WHERE ( ggid=241 )  [ RunTime:0.0005s ]
SQL: SELECT * FROM `recipecat` WHERE ( ggid=274 )  [ RunTime:0.0000s ]
INFO: [ view_parse ] --START--
INFO: [ template_filter ] --START--
INFO: Run Behavior\ContentReplaceBehavior [ RunTime:0.000000s ]
INFO: [ template_filter ] --END-- [ RunTime:0.000000s ]
INFO: Run Behavior\ParseTemplateBehavior [ RunTime:0.017503s ]
INFO: [ view_parse ] --END-- [ RunTime:0.017503s ]
INFO: [ view_filter ] --START--
INFO: Run Behavior\WriteHtmlCacheBehavior [ RunTime:0.000500s ]
INFO: [ view_filter ] --END-- [ RunTime:0.000500s ]
INFO: [ app_end ] --START--
INFO: Run Behavior\ShowPageTraceBehavior [ RunTime:0.000500s ]
INFO: [ app_end ] --END-- [ RunTime:0.000500s ]

[ 2016-11-18T18:36:23+08:00 ] 127.0.0.1 /index.php/Home/Sc/index.html
INFO: [ app_init ] --START--
INFO: Run Behavior\BuildLiteBehavior [ RunTime:0.000000s ]
INFO: [ app_init ] --END-- [ RunTime:0.000500s ]
INFO: [ app_begin ] --START--
INFO: Run Behavior\ReadHtmlCacheBehavior [ RunTime:0.001000s ]
INFO: [ app_begin ] --END-- [ RunTime:0.001000s ]
SQL: SHOW COLUMNS FROM `sc` [ RunTime:0.0060s ]
SQL: SELECT * FROM `sc` WHERE ( parent_sid=0 )  [ RunTime:0.0000s ]
SQL: SELECT * FROM `sc` WHERE ( parent_sid=2 ) LIMIT 19   [ RunTime:0.0005s ]
SQL: SELECT * FROM `sc` WHERE ( parent_sid=3 ) LIMIT 10   [ RunTime:0.0000s ]
SQL: SELECT * FROM `sc` WHERE ( parent_sid=4 ) LIMIT 4   [ RunTime:0.0000s ]
SQL: SELECT * FROM `sc` WHERE ( parent_sid=237 ) LIMIT 10   [ RunTime:0.0000s ]
SQL: SELECT * FROM `sc` WHERE ( parent_sid=238 ) LIMIT 10   [ RunTime:0.0000s ]
SQL: SELECT * FROM `sc` WHERE ( parent_sid=239 ) LIMIT 10   [ RunTime:0.0000s ]
SQL: SELECT * FROM `sc` WHERE ( parent_sid=240 ) LIMIT 9   [ RunTime:0.0000s ]
SQL: SELECT * FROM `sc` WHERE ( parent_sid=240 ) LIMIT 8   [ RunTime:0.0005s ]
SQL: SELECT * FROM `sc` WHERE ( parent_sid=531 ) LIMIT 7   [ RunTime:0.0005s ]
SQL: SELECT * FROM `sc` WHERE ( parent_sid=532 ) LIMIT 7   [ RunTime:0.0000s ]
SQL: SELECT * FROM `sc` WHERE ( parent_sid=533 ) LIMIT 7   [ RunTime:0.0000s ]
SQL: SELECT * FROM `sc` WHERE ( parent_sid=534 ) LIMIT 7   [ RunTime:0.0005s ]
SQL: SELECT * FROM `sc` WHERE ( parent_sid=535 ) LIMIT 7   [ RunTime:0.0005s ]
SQL: SELECT * FROM `sc` WHERE ( parent_sid=536 ) LIMIT 6   [ RunTime:0.0000s ]
SQL: SELECT * FROM `sc` WHERE ( parent_sid=1013 ) LIMIT 10   [ RunTime:0.0000s ]
SQL: SELECT * FROM `sc` WHERE ( parent_sid=1014 ) LIMIT 7   [ RunTime:0.0000s ]
SQL: SELECT * FROM `sc` WHERE ( parent_sid=1212 ) LIMIT 8   [ RunTime:0.0005s ]
SQL: SELECT * FROM `sc` WHERE ( parent_sid=1213 ) LIMIT 8   [ RunTime:0.0005s ]
SQL: SELECT * FROM `sc` WHERE ( parent_sid=1215 ) LIMIT 8   [ RunTime:0.0005s ]
SQL: SELECT * FROM `sc` WHERE ( parent_sid=1214 ) LIMIT 7   [ RunTime:0.0005s ]
SQL: SELECT * FROM `sc` WHERE ( parent_sid=1216 ) LIMIT 10   [ RunTime:0.0000s ]
SQL: SELECT * FROM `sc` WHERE ( parent_sid=1396 ) LIMIT 11   [ RunTime:0.0000s ]
SQL: SELECT * FROM `sc` WHERE ( parent_sid=1577 ) LIMIT 11   [ RunTime:0.0005s ]
INFO: [ view_parse ] --START--
INFO: [ template_filter ] --START--
INFO: Run Behavior\ContentReplaceBehavior [ RunTime:0.000000s ]
INFO: [ template_filter ] --END-- [ RunTime:0.000000s ]
INFO: Run Behavior\ParseTemplateBehavior [ RunTime:0.009501s ]
INFO: [ view_parse ] --END-- [ RunTime:0.009501s ]
INFO: [ view_filter ] --START--
INFO: Run Behavior\WriteHtmlCacheBehavior [ RunTime:0.000000s ]
INFO: [ view_filter ] --END-- [ RunTime:0.000000s ]
INFO: [ app_end ] --START--
INFO: Run Behavior\ShowPageTraceBehavior [ RunTime:0.000500s ]
INFO: [ app_end ] --END-- [ RunTime:0.000500s ]

[ 2016-11-18T18:36:26+08:00 ] 127.0.0.1 /index.php/Home/Sc/flcx/id/1576.html
INFO: [ app_init ] --START--
INFO: Run Behavior\BuildLiteBehavior [ RunTime:0.000000s ]
INFO: [ app_init ] --END-- [ RunTime:0.001000s ]
INFO: [ app_begin ] --START--
INFO: Run Behavior\ReadHtmlCacheBehavior [ RunTime:0.001000s ]
INFO: [ app_begin ] --END-- [ RunTime:0.001000s ]
SQL: SHOW COLUMNS FROM `sc` [ RunTime:0.0135s ]
SQL: SELECT * FROM `sc` WHERE ( parent_sid=0 )  [ RunTime:0.0010s ]
SQL: SELECT * FROM `sc` WHERE ( parent_sid=1576 )  [ RunTime:0.0005s ]
SQL: SELECT * FROM `sc` WHERE ( parent_sid=1577 )  [ RunTime:0.0010s ]
INFO: [ view_parse ] --START--
INFO: [ template_filter ] --START--
INFO: Run Behavior\ContentReplaceBehavior [ RunTime:0.000000s ]
INFO: [ template_filter ] --END-- [ RunTime:0.000000s ]
INFO: Run Behavior\ParseTemplateBehavior [ RunTime:0.019502s ]
INFO: [ view_parse ] --END-- [ RunTime:0.019502s ]
INFO: [ view_filter ] --START--
INFO: Run Behavior\WriteHtmlCacheBehavior [ RunTime:0.000500s ]
INFO: [ view_filter ] --END-- [ RunTime:0.000500s ]
INFO: [ app_end ] --START--
INFO: Run Behavior\ShowPageTraceBehavior [ RunTime:0.000500s ]
INFO: [ app_end ] --END-- [ RunTime:0.000500s ]

[ 2016-11-18T18:36:27+08:00 ] 127.0.0.1 /index.php/Home/Sc/flcx/id/1658.html
INFO: [ app_init ] --START--
INFO: Run Behavior\BuildLiteBehavior [ RunTime:0.000000s ]
INFO: [ app_init ] --END-- [ RunTime:0.000000s ]
INFO: [ app_begin ] --START--
INFO: Run Behavior\ReadHtmlCacheBehavior [ RunTime:0.000501s ]
INFO: [ app_begin ] --END-- [ RunTime:0.000501s ]
SQL: SHOW COLUMNS FROM `sc` [ RunTime:0.0050s ]
SQL: SELECT * FROM `sc` WHERE ( parent_sid=0 )  [ RunTime:0.0005s ]
SQL: SELECT * FROM `sc` WHERE ( parent_sid=1658 )  [ RunTime:0.0005s ]
SQL: SELECT * FROM `sc` WHERE ( parent_sid=1396 )  [ RunTime:0.0005s ]
INFO: [ view_parse ] --START--
INFO: [ template_filter ] --START--
INFO: Run Behavior\ContentReplaceBehavior [ RunTime:0.000000s ]
INFO: [ template_filter ] --END-- [ RunTime:0.000000s ]
INFO: Run Behavior\ParseTemplateBehavior [ RunTime:0.009501s ]
INFO: [ view_parse ] --END-- [ RunTime:0.009501s ]
INFO: [ view_filter ] --START--
INFO: Run Behavior\WriteHtmlCacheBehavior [ RunTime:0.000000s ]
INFO: [ view_filter ] --END-- [ RunTime:0.000000s ]
INFO: [ app_end ] --START--
INFO: Run Behavior\ShowPageTraceBehavior [ RunTime:0.000500s ]
INFO: [ app_end ] --END-- [ RunTime:0.000500s ]

[ 2016-11-18T18:36:29+08:00 ] 127.0.0.1 /index.php/Home/Huati/index.html
INFO: [ app_init ] --START--
INFO: Run Behavior\BuildLiteBehavior [ RunTime:0.000000s ]
INFO: [ app_init ] --END-- [ RunTime:0.000500s ]
INFO: [ app_begin ] --START--
INFO: Run Behavior\ReadHtmlCacheBehavior [ RunTime:0.000500s ]
INFO: [ app_begin ] --END-- [ RunTime:0.000500s ]
SQL: SHOW COLUMNS FROM `huati` [ RunTime:0.0060s ]
SQL: SELECT * FROM `huati` ORDER BY pubtime desc  [ RunTime:0.0000s ]
SQL: SHOW COLUMNS FROM `user` [ RunTime:0.0065s ]
SQL: SELECT `user_name` FROM `user` WHERE ( uid=1 ) LIMIT 1   [ RunTime:0.0010s ]
SQL: SHOW COLUMNS FROM `htimg` [ RunTime:0.0065s ]
SQL: SELECT `thumb_img` FROM `htimg` WHERE ( htid =12 )  [ RunTime:0.0000s ]
SQL: SELECT `user_name` FROM `user` WHERE ( uid=1 ) LIMIT 1   [ RunTime:0.0000s ]
SQL: SELECT `thumb_img` FROM `htimg` WHERE ( htid =11 )  [ RunTime:0.0000s ]
SQL: SELECT `user_name` FROM `user` WHERE ( uid=1 ) LIMIT 1   [ RunTime:0.0000s ]
SQL: SELECT `thumb_img` FROM `htimg` WHERE ( htid =1 )  [ RunTime:0.0000s ]
INFO: [ view_parse ] --START--
INFO: [ template_filter ] --START--
INFO: Run Behavior\ContentReplaceBehavior [ RunTime:0.000000s ]
INFO: [ template_filter ] --END-- [ RunTime:0.000000s ]
INFO: Run Behavior\ParseTemplateBehavior [ RunTime:0.011502s ]
INFO: [ view_parse ] --END-- [ RunTime:0.011502s ]
INFO: [ view_filter ] --START--
INFO: Run Behavior\WriteHtmlCacheBehavior [ RunTime:0.000500s ]
INFO: [ view_filter ] --END-- [ RunTime:0.000500s ]
INFO: [ app_end ] --START--
INFO: Run Behavior\ShowPageTraceBehavior [ RunTime:0.000500s ]
INFO: [ app_end ] --END-- [ RunTime:0.000500s ]

[ 2016-11-18T18:36:30+08:00 ] 127.0.0.1 /index.php/Home/Huati/index.html
INFO: [ app_init ] --START--
INFO: Run Behavior\BuildLiteBehavior [ RunTime:0.000000s ]
INFO: [ app_init ] --END-- [ RunTime:0.000500s ]
INFO: [ app_begin ] --START--
INFO: Run Behavior\ReadHtmlCacheBehavior [ RunTime:0.000500s ]
INFO: [ app_begin ] --END-- [ RunTime:0.000500s ]
SQL: SHOW COLUMNS FROM `huati` [ RunTime:0.0065s ]
SQL: SELECT * FROM `huati` ORDER BY pubtime desc  [ RunTime:0.0000s ]
SQL: SHOW COLUMNS FROM `user` [ RunTime:0.0075s ]
SQL: SELECT `user_name` FROM `user` WHERE ( uid=1 ) LIMIT 1   [ RunTime:0.0005s ]
SQL: SHOW COLUMNS FROM `htimg` [ RunTime:0.0080s ]
SQL: SELECT `thumb_img` FROM `htimg` WHERE ( htid =12 )  [ RunTime:0.0005s ]
SQL: SELECT `user_name` FROM `user` WHERE ( uid=1 ) LIMIT 1   [ RunTime:0.0000s ]
SQL: SELECT `thumb_img` FROM `htimg` WHERE ( htid =11 )  [ RunTime:0.0000s ]
SQL: SELECT `user_name` FROM `user` WHERE ( uid=1 ) LIMIT 1   [ RunTime:0.0000s ]
SQL: SELECT `thumb_img` FROM `htimg` WHERE ( htid =1 )  [ RunTime:0.0000s ]
INFO: [ view_parse ] --START--
INFO: [ template_filter ] --START--
INFO: Run Behavior\ContentReplaceBehavior [ RunTime:0.000000s ]
INFO: [ template_filter ] --END-- [ RunTime:0.000500s ]
INFO: Run Behavior\ParseTemplateBehavior [ RunTime:0.015002s ]
INFO: [ view_parse ] --END-- [ RunTime:0.015002s ]
INFO: [ view_filter ] --START--
INFO: Run Behavior\WriteHtmlCacheBehavior [ RunTime:0.000500s ]
INFO: [ view_filter ] --END-- [ RunTime:0.000500s ]
INFO: [ app_end ] --START--
INFO: Run Behavior\ShowPageTraceBehavior [ RunTime:0.001000s ]
INFO: [ app_end ] --END-- [ RunTime:0.001000s ]

[ 2016-11-18T18:36:30+08:00 ] 127.0.0.1 /index.php/Home/Huati/index.html
INFO: [ app_init ] --START--
INFO: Run Behavior\BuildLiteBehavior [ RunTime:0.000000s ]
INFO: [ app_init ] --END-- [ RunTime:0.000500s ]
INFO: [ app_begin ] --START--
INFO: Run Behavior\ReadHtmlCacheBehavior [ RunTime:0.000000s ]
INFO: [ app_begin ] --END-- [ RunTime:0.000500s ]
SQL: SHOW COLUMNS FROM `huati` [ RunTime:0.0070s ]
SQL: SELECT * FROM `huati` ORDER BY pubtime desc  [ RunTime:0.0000s ]
SQL: SHOW COLUMNS FROM `user` [ RunTime:0.0070s ]
SQL: SELECT `user_name` FROM `user` WHERE ( uid=1 ) LIMIT 1   [ RunTime:0.0005s ]
SQL: SHOW COLUMNS FROM `htimg` [ RunTime:0.0065s ]
SQL: SELECT `thumb_img` FROM `htimg` WHERE ( htid =12 )  [ RunTime:0.0005s ]
SQL: SELECT `user_name` FROM `user` WHERE ( uid=1 ) LIMIT 1   [ RunTime:0.0000s ]
SQL: SELECT `thumb_img` FROM `htimg` WHERE ( htid =11 )  [ RunTime:0.0005s ]
SQL: SELECT `user_name` FROM `user` WHERE ( uid=1 ) LIMIT 1   [ RunTime:0.0000s ]
SQL: SELECT `thumb_img` FROM `htimg` WHERE ( htid =1 )  [ RunTime:0.0000s ]
INFO: [ view_parse ] --START--
INFO: [ template_filter ] --START--
INFO: Run Behavior\ContentReplaceBehavior [ RunTime:0.000000s ]
INFO: [ template_filter ] --END-- [ RunTime:0.000000s ]
INFO: Run Behavior\ParseTemplateBehavior [ RunTime:0.011001s ]
INFO: [ view_parse ] --END-- [ RunTime:0.011001s ]
INFO: [ view_filter ] --START--
INFO: Run Behavior\WriteHtmlCacheBehavior [ RunTime:0.000501s ]
INFO: [ view_filter ] --END-- [ RunTime:0.000501s ]
INFO: [ app_end ] --START--
INFO: Run Behavior\ShowPageTraceBehavior [ RunTime:0.000500s ]
INFO: [ app_end ] --END-- [ RunTime:0.000500s ]

