[ 2016-11-13T14:59:35+08:00 ] 127.0.0.1 /
INFO: [ app_init ] --START--
INFO: Run Behavior\BuildLiteBehavior [ RunTime:0.000000s ]
INFO: [ app_init ] --END-- [ RunTime:0.000000s ]
INFO: [ app_begin ] --START--
INFO: Run Behavior\ReadHtmlCacheBehavior [ RunTime:0.001000s ]
INFO: [ app_begin ] --END-- [ RunTime:0.001000s ]
SQL: SHOW COLUMNS FROM `sc` [ RunTime:0.0050s ]
SQL: SELECT * FROM `sc` WHERE ( parent_sid=0 ) LIMIT 4   [ RunTime:0.0010s ]
SQL: SHOW COLUMNS FROM `slsc` [ RunTime:0.0070s ]
SQL: SELECT * FROM `slsc`  [ RunTime:0.0000s ]
SQL: SHOW COLUMNS FROM `recipecat` [ RunTime:0.0050s ]
SQL: SELECT * FROM `recipecat` WHERE ( parent_cid != 0 ) LIMIT 11   [ RunTime:0.0010s ]
SQL: SELECT * FROM `sc` WHERE ( parent_sid = 0 ) LIMIT 11   [ RunTime:0.0000s ]
SQL: SHOW COLUMNS FROM `huati` [ RunTime:0.0050s ]
SQL: SELECT * FROM `huati` ORDER BY pubtime desc LIMIT 10   [ RunTime:0.0000s ]
SQL: SHOW COLUMNS FROM `htimg` [ RunTime:0.0040s ]
SQL: SELECT `thumb_img` FROM `htimg` WHERE ( htid=12 ) LIMIT 4   [ RunTime:0.0000s ]
SQL: SHOW COLUMNS FROM `htcomm` [ RunTime:0.0050s ]
SQL: SELECT COUNT(*) AS tp_count FROM `htcomm` WHERE ( htid=12 ) LIMIT 1   [ RunTime:0.0000s ]
SQL: SELECT `thumb_img` FROM `htimg` WHERE ( htid=11 ) LIMIT 4   [ RunTime:0.0010s ]
SQL: SELECT COUNT(*) AS tp_count FROM `htcomm` WHERE ( htid=11 ) LIMIT 1   [ RunTime:0.0000s ]
SQL: SELECT `thumb_img` FROM `htimg` WHERE ( htid=1 ) LIMIT 4   [ RunTime:0.0000s ]
SQL: SELECT COUNT(*) AS tp_count FROM `htcomm` WHERE ( htid=1 ) LIMIT 1   [ RunTime:0.0000s ]
INFO: [ view_parse ] --START--
INFO: [ template_filter ] --START--
INFO: Run Behavior\ContentReplaceBehavior [ RunTime:0.000000s ]
INFO: [ template_filter ] --END-- [ RunTime:0.001000s ]
NOTIC: [8] Use of undefined constant cid - assumed 'cid' D:\phpStudy\WWW\pro\meishi\food\Runtime\Cache\Home\0e81cdeb7ee9417f3afdd1181f3c8e12.php 第 115 行.
NOTIC: [8] Use of undefined constant cid - assumed 'cid' D:\phpStudy\WWW\pro\meishi\food\Runtime\Cache\Home\0e81cdeb7ee9417f3afdd1181f3c8e12.php 第 115 行.
NOTIC: [8] Use of undefined constant cid - assumed 'cid' D:\phpStudy\WWW\pro\meishi\food\Runtime\Cache\Home\0e81cdeb7ee9417f3afdd1181f3c8e12.php 第 115 行.
NOTIC: [8] Use of undefined constant cid - assumed 'cid' D:\phpStudy\WWW\pro\meishi\food\Runtime\Cache\Home\0e81cdeb7ee9417f3afdd1181f3c8e12.php 第 115 行.
NOTIC: [8] Use of undefined constant cid - assumed 'cid' D:\phpStudy\WWW\pro\meishi\food\Runtime\Cache\Home\0e81cdeb7ee9417f3afdd1181f3c8e12.php 第 115 行.
NOTIC: [8] Use of undefined constant cid - assumed 'cid' D:\phpStudy\WWW\pro\meishi\food\Runtime\Cache\Home\0e81cdeb7ee9417f3afdd1181f3c8e12.php 第 115 行.
NOTIC: [8] Use of undefined constant cid - assumed 'cid' D:\phpStudy\WWW\pro\meishi\food\Runtime\Cache\Home\0e81cdeb7ee9417f3afdd1181f3c8e12.php 第 115 行.
NOTIC: [8] Use of undefined constant cid - assumed 'cid' D:\phpStudy\WWW\pro\meishi\food\Runtime\Cache\Home\0e81cdeb7ee9417f3afdd1181f3c8e12.php 第 115 行.
NOTIC: [8] Use of undefined constant cid - assumed 'cid' D:\phpStudy\WWW\pro\meishi\food\Runtime\Cache\Home\0e81cdeb7ee9417f3afdd1181f3c8e12.php 第 115 行.
NOTIC: [8] Use of undefined constant cid - assumed 'cid' D:\phpStudy\WWW\pro\meishi\food\Runtime\Cache\Home\0e81cdeb7ee9417f3afdd1181f3c8e12.php 第 115 行.
NOTIC: [8] Use of undefined constant cid - assumed 'cid' D:\phpStudy\WWW\pro\meishi\food\Runtime\Cache\Home\0e81cdeb7ee9417f3afdd1181f3c8e12.php 第 115 行.
INFO: Run Behavior\ParseTemplateBehavior [ RunTime:0.033002s ]
INFO: [ view_parse ] --END-- [ RunTime:0.033002s ]
INFO: [ view_filter ] --START--
INFO: Run Behavior\WriteHtmlCacheBehavior [ RunTime:0.001000s ]
INFO: [ view_filter ] --END-- [ RunTime:0.001000s ]
INFO: [ app_end ] --START--
INFO: Run Behavior\ShowPageTraceBehavior [ RunTime:0.001000s ]
INFO: [ app_end ] --END-- [ RunTime:0.001000s ]

[ 2016-11-13T14:59:50+08:00 ] 127.0.0.1 /index.php/Home/huati/huatione/id/12.html
INFO: [ app_init ] --START--
INFO: Run Behavior\BuildLiteBehavior [ RunTime:0.000000s ]
INFO: [ app_init ] --END-- [ RunTime:0.001000s ]
INFO: [ app_begin ] --START--
INFO: Run Behavior\ReadHtmlCacheBehavior [ RunTime:0.000000s ]
INFO: [ app_begin ] --END-- [ RunTime:0.000000s ]
SQL: SHOW COLUMNS FROM `huati` [ RunTime:0.0040s ]
SQL: SELECT * FROM `huati` WHERE `htid` = 12 LIMIT 1   [ RunTime:0.0000s ]
SQL: SHOW COLUMNS FROM `htimg` [ RunTime:0.0030s ]
SQL: SELECT * FROM `htimg` WHERE ( htid=12 )  [ RunTime:0.0000s ]
SQL: SHOW COLUMNS FROM `htcomm` [ RunTime:0.0030s ]
SQL: SELECT * FROM `htcomm` WHERE ( htid=12 )  [ RunTime:0.0000s ]
INFO: [ view_parse ] --START--
INFO: [ template_filter ] --START--
INFO: Run Behavior\ContentReplaceBehavior [ RunTime:0.001000s ]
INFO: [ template_filter ] --END-- [ RunTime:0.001000s ]
INFO: Run Behavior\ParseTemplateBehavior [ RunTime:0.012001s ]
INFO: [ view_parse ] --END-- [ RunTime:0.012001s ]
INFO: [ view_filter ] --START--
INFO: Run Behavior\WriteHtmlCacheBehavior [ RunTime:0.000000s ]
INFO: [ view_filter ] --END-- [ RunTime:0.000000s ]
INFO: [ app_end ] --START--
INFO: Run Behavior\ShowPageTraceBehavior [ RunTime:0.000000s ]
INFO: [ app_end ] --END-- [ RunTime:0.000000s ]

[ 2016-11-13T14:59:50+08:00 ] 127.0.0.1 /index.php/Home/huati/huatione/id/12.html
INFO: [ app_init ] --START--
INFO: Run Behavior\BuildLiteBehavior [ RunTime:0.000000s ]
INFO: [ app_init ] --END-- [ RunTime:0.000000s ]
INFO: [ app_begin ] --START--
INFO: Run Behavior\ReadHtmlCacheBehavior [ RunTime:0.000000s ]
INFO: [ app_begin ] --END-- [ RunTime:0.000000s ]
SQL: SHOW COLUMNS FROM `huati` [ RunTime:0.0050s ]
SQL: SELECT * FROM `huati` WHERE `htid` = 12 LIMIT 1   [ RunTime:0.0010s ]
SQL: SHOW COLUMNS FROM `htimg` [ RunTime:0.0060s ]
SQL: SELECT * FROM `htimg` WHERE ( htid=12 )  [ RunTime:0.0000s ]
SQL: SHOW COLUMNS FROM `htcomm` [ RunTime:0.0050s ]
SQL: SELECT * FROM `htcomm` WHERE ( htid=12 )  [ RunTime:0.0000s ]
INFO: [ view_parse ] --START--
INFO: [ template_filter ] --START--
INFO: Run Behavior\ContentReplaceBehavior [ RunTime:0.000000s ]
INFO: [ template_filter ] --END-- [ RunTime:0.001000s ]
INFO: Run Behavior\ParseTemplateBehavior [ RunTime:0.010000s ]
INFO: [ view_parse ] --END-- [ RunTime:0.010000s ]
INFO: [ view_filter ] --START--
INFO: Run Behavior\WriteHtmlCacheBehavior [ RunTime:0.000000s ]
INFO: [ view_filter ] --END-- [ RunTime:0.000000s ]
INFO: [ app_end ] --START--
INFO: Run Behavior\ShowPageTraceBehavior [ RunTime:0.000000s ]
INFO: [ app_end ] --END-- [ RunTime:0.000000s ]

[ 2016-11-13T15:00:31+08:00 ] 127.0.0.1 /index.php/Home/Sc/index.html
INFO: [ app_init ] --START--
INFO: Run Behavior\BuildLiteBehavior [ RunTime:0.000000s ]
INFO: [ app_init ] --END-- [ RunTime:0.001000s ]
INFO: [ app_begin ] --START--
INFO: Run Behavior\ReadHtmlCacheBehavior [ RunTime:0.001000s ]
INFO: [ app_begin ] --END-- [ RunTime:0.001000s ]
SQL: SHOW COLUMNS FROM `sc` [ RunTime:0.0030s ]
SQL: SELECT * FROM `sc` WHERE ( parent_sid=0 )  [ RunTime:0.0000s ]
SQL: SELECT * FROM `sc` WHERE ( parent_sid=2 ) LIMIT 19   [ RunTime:0.0000s ]
SQL: SELECT * FROM `sc` WHERE ( parent_sid=3 ) LIMIT 10   [ RunTime:0.0000s ]
SQL: SELECT * FROM `sc` WHERE ( parent_sid=4 ) LIMIT 4   [ RunTime:0.0000s ]
SQL: SELECT * FROM `sc` WHERE ( parent_sid=237 ) LIMIT 10   [ RunTime:0.0010s ]
SQL: SELECT * FROM `sc` WHERE ( parent_sid=238 ) LIMIT 10   [ RunTime:0.0000s ]
SQL: SELECT * FROM `sc` WHERE ( parent_sid=239 ) LIMIT 10   [ RunTime:0.0000s ]
SQL: SELECT * FROM `sc` WHERE ( parent_sid=240 ) LIMIT 9   [ RunTime:0.0010s ]
SQL: SELECT * FROM `sc` WHERE ( parent_sid=240 ) LIMIT 8   [ RunTime:0.0000s ]
SQL: SELECT * FROM `sc` WHERE ( parent_sid=531 ) LIMIT 7   [ RunTime:0.0000s ]
SQL: SELECT * FROM `sc` WHERE ( parent_sid=532 ) LIMIT 7   [ RunTime:0.0010s ]
SQL: SELECT * FROM `sc` WHERE ( parent_sid=533 ) LIMIT 7   [ RunTime:0.0000s ]
SQL: SELECT * FROM `sc` WHERE ( parent_sid=534 ) LIMIT 7   [ RunTime:0.0000s ]
SQL: SELECT * FROM `sc` WHERE ( parent_sid=535 ) LIMIT 7   [ RunTime:0.0000s ]
SQL: SELECT * FROM `sc` WHERE ( parent_sid=536 ) LIMIT 6   [ RunTime:0.0010s ]
SQL: SELECT * FROM `sc` WHERE ( parent_sid=1013 ) LIMIT 10   [ RunTime:0.0000s ]
SQL: SELECT * FROM `sc` WHERE ( parent_sid=1014 ) LIMIT 7   [ RunTime:0.0000s ]
SQL: SELECT * FROM `sc` WHERE ( parent_sid=1212 ) LIMIT 8   [ RunTime:0.0010s ]
SQL: SELECT * FROM `sc` WHERE ( parent_sid=1213 ) LIMIT 8   [ RunTime:0.0000s ]
SQL: SELECT * FROM `sc` WHERE ( parent_sid=1215 ) LIMIT 8   [ RunTime:0.0010s ]
SQL: SELECT * FROM `sc` WHERE ( parent_sid=1214 ) LIMIT 7   [ RunTime:0.0000s ]
SQL: SELECT * FROM `sc` WHERE ( parent_sid=1216 ) LIMIT 10   [ RunTime:0.0000s ]
SQL: SELECT * FROM `sc` WHERE ( parent_sid=1396 ) LIMIT 11   [ RunTime:0.0010s ]
SQL: SELECT * FROM `sc` WHERE ( parent_sid=1577 ) LIMIT 11   [ RunTime:0.0000s ]
INFO: [ view_parse ] --START--
INFO: [ template_filter ] --START--
INFO: Run Behavior\ContentReplaceBehavior [ RunTime:0.000000s ]
INFO: [ template_filter ] --END-- [ RunTime:0.000000s ]
INFO: Run Behavior\ParseTemplateBehavior [ RunTime:0.009001s ]
INFO: [ view_parse ] --END-- [ RunTime:0.009001s ]
INFO: [ view_filter ] --START--
INFO: Run Behavior\WriteHtmlCacheBehavior [ RunTime:0.001000s ]
INFO: [ view_filter ] --END-- [ RunTime:0.001000s ]
INFO: [ app_end ] --START--
INFO: Run Behavior\ShowPageTraceBehavior [ RunTime:0.000000s ]
INFO: [ app_end ] --END-- [ RunTime:0.000000s ]

[ 2016-11-13T15:00:33+08:00 ] 127.0.0.1 /index.php/Home/Sc/flcx/id/236.html
INFO: [ app_init ] --START--
INFO: Run Behavior\BuildLiteBehavior [ RunTime:0.000000s ]
INFO: [ app_init ] --END-- [ RunTime:0.000000s ]
INFO: [ app_begin ] --START--
INFO: Run Behavior\ReadHtmlCacheBehavior [ RunTime:0.000000s ]
INFO: [ app_begin ] --END-- [ RunTime:0.000000s ]
SQL: SHOW COLUMNS FROM `sc` [ RunTime:0.0030s ]
SQL: SELECT * FROM `sc` WHERE ( parent_sid=0 )  [ RunTime:0.0010s ]
SQL: SELECT * FROM `sc` WHERE ( parent_sid=236 )  [ RunTime:0.0000s ]
SQL: SELECT * FROM `sc` WHERE ( parent_sid=237 )  [ RunTime:0.0010s ]
SQL: SELECT * FROM `sc` WHERE ( parent_sid=238 )  [ RunTime:0.0000s ]
SQL: SELECT * FROM `sc` WHERE ( parent_sid=239 )  [ RunTime:0.0010s ]
SQL: SELECT * FROM `sc` WHERE ( parent_sid=240 )  [ RunTime:0.0000s ]
SQL: SELECT * FROM `sc` WHERE ( parent_sid=241 )  [ RunTime:0.0000s ]
INFO: [ view_parse ] --START--
INFO: [ template_filter ] --START--
INFO: Run Behavior\ContentReplaceBehavior [ RunTime:0.000000s ]
INFO: [ template_filter ] --END-- [ RunTime:0.000000s ]
INFO: Run Behavior\ParseTemplateBehavior [ RunTime:0.009001s ]
INFO: [ view_parse ] --END-- [ RunTime:0.009001s ]
INFO: [ view_filter ] --START--
INFO: Run Behavior\WriteHtmlCacheBehavior [ RunTime:0.000000s ]
INFO: [ view_filter ] --END-- [ RunTime:0.000000s ]
INFO: [ app_end ] --START--
INFO: Run Behavior\ShowPageTraceBehavior [ RunTime:0.000000s ]
INFO: [ app_end ] --END-- [ RunTime:0.000000s ]

[ 2016-11-13T15:00:34+08:00 ] 127.0.0.1 /index.php/Home/Sc/flcx/id/1.html
INFO: [ app_init ] --START--
INFO: Run Behavior\BuildLiteBehavior [ RunTime:0.000000s ]
INFO: [ app_init ] --END-- [ RunTime:0.000000s ]
INFO: [ app_begin ] --START--
INFO: Run Behavior\ReadHtmlCacheBehavior [ RunTime:0.000000s ]
INFO: [ app_begin ] --END-- [ RunTime:0.000000s ]
SQL: SHOW COLUMNS FROM `sc` [ RunTime:0.0040s ]
SQL: SELECT * FROM `sc` WHERE ( parent_sid=0 )  [ RunTime:0.0010s ]
SQL: SELECT * FROM `sc` WHERE ( parent_sid=1 )  [ RunTime:0.0000s ]
SQL: SELECT * FROM `sc` WHERE ( parent_sid=2 )  [ RunTime:0.0010s ]
SQL: SELECT * FROM `sc` WHERE ( parent_sid=3 )  [ RunTime:0.0000s ]
SQL: SELECT * FROM `sc` WHERE ( parent_sid=4 )  [ RunTime:0.0010s ]
INFO: [ view_parse ] --START--
INFO: [ template_filter ] --START--
INFO: Run Behavior\ContentReplaceBehavior [ RunTime:0.000000s ]
INFO: [ template_filter ] --END-- [ RunTime:0.000000s ]
INFO: Run Behavior\ParseTemplateBehavior [ RunTime:0.007000s ]
INFO: [ view_parse ] --END-- [ RunTime:0.007000s ]
INFO: [ view_filter ] --START--
INFO: Run Behavior\WriteHtmlCacheBehavior [ RunTime:0.000000s ]
INFO: [ view_filter ] --END-- [ RunTime:0.000000s ]
INFO: [ app_end ] --START--
INFO: Run Behavior\ShowPageTraceBehavior [ RunTime:0.001000s ]
INFO: [ app_end ] --END-- [ RunTime:0.001000s ]

[ 2016-11-13T15:00:45+08:00 ] 127.0.0.1 /index.php/Home/Sc/index.html
INFO: [ app_init ] --START--
INFO: Run Behavior\BuildLiteBehavior [ RunTime:0.000000s ]
INFO: [ app_init ] --END-- [ RunTime:0.000000s ]
INFO: [ app_begin ] --START--
INFO: Run Behavior\ReadHtmlCacheBehavior [ RunTime:0.000000s ]
INFO: [ app_begin ] --END-- [ RunTime:0.000000s ]
SQL: SHOW COLUMNS FROM `sc` [ RunTime:0.0040s ]
SQL: SELECT * FROM `sc` WHERE ( parent_sid=0 )  [ RunTime:0.0010s ]
SQL: SELECT * FROM `sc` WHERE ( parent_sid=2 ) LIMIT 19   [ RunTime:0.0000s ]
SQL: SELECT * FROM `sc` WHERE ( parent_sid=3 ) LIMIT 10   [ RunTime:0.0010s ]
SQL: SELECT * FROM `sc` WHERE ( parent_sid=4 ) LIMIT 4   [ RunTime:0.0000s ]
SQL: SELECT * FROM `sc` WHERE ( parent_sid=237 ) LIMIT 10   [ RunTime:0.0010s ]
SQL: SELECT * FROM `sc` WHERE ( parent_sid=238 ) LIMIT 10   [ RunTime:0.0000s ]
SQL: SELECT * FROM `sc` WHERE ( parent_sid=239 ) LIMIT 10   [ RunTime:0.0000s ]
SQL: SELECT * FROM `sc` WHERE ( parent_sid=240 ) LIMIT 9   [ RunTime:0.0010s ]
SQL: SELECT * FROM `sc` WHERE ( parent_sid=240 ) LIMIT 8   [ RunTime:0.0000s ]
SQL: SELECT * FROM `sc` WHERE ( parent_sid=531 ) LIMIT 7   [ RunTime:0.0000s ]
SQL: SELECT * FROM `sc` WHERE ( parent_sid=532 ) LIMIT 7   [ RunTime:0.0010s ]
SQL: SELECT * FROM `sc` WHERE ( parent_sid=533 ) LIMIT 7   [ RunTime:0.0000s ]
SQL: SELECT * FROM `sc` WHERE ( parent_sid=534 ) LIMIT 7   [ RunTime:0.0010s ]
SQL: SELECT * FROM `sc` WHERE ( parent_sid=535 ) LIMIT 7   [ RunTime:0.0000s ]
SQL: SELECT * FROM `sc` WHERE ( parent_sid=536 ) LIMIT 6   [ RunTime:0.0010s ]
SQL: SELECT * FROM `sc` WHERE ( parent_sid=1013 ) LIMIT 10   [ RunTime:0.0000s ]
SQL: SELECT * FROM `sc` WHERE ( parent_sid=1014 ) LIMIT 7   [ RunTime:0.0000s ]
SQL: SELECT * FROM `sc` WHERE ( parent_sid=1212 ) LIMIT 8   [ RunTime:0.0000s ]
SQL: SELECT * FROM `sc` WHERE ( parent_sid=1213 ) LIMIT 8   [ RunTime:0.0000s ]
SQL: SELECT * FROM `sc` WHERE ( parent_sid=1215 ) LIMIT 8   [ RunTime:0.0010s ]
SQL: SELECT * FROM `sc` WHERE ( parent_sid=1214 ) LIMIT 7   [ RunTime:0.0000s ]
SQL: SELECT * FROM `sc` WHERE ( parent_sid=1216 ) LIMIT 10   [ RunTime:0.0000s ]
SQL: SELECT * FROM `sc` WHERE ( parent_sid=1396 ) LIMIT 11   [ RunTime:0.0010s ]
SQL: SELECT * FROM `sc` WHERE ( parent_sid=1577 ) LIMIT 11   [ RunTime:0.0000s ]
INFO: [ view_parse ] --START--
INFO: [ template_filter ] --START--
INFO: Run Behavior\ContentReplaceBehavior [ RunTime:0.000000s ]
INFO: [ template_filter ] --END-- [ RunTime:0.000000s ]
INFO: Run Behavior\ParseTemplateBehavior [ RunTime:0.011001s ]
INFO: [ view_parse ] --END-- [ RunTime:0.011001s ]
INFO: [ view_filter ] --START--
INFO: Run Behavior\WriteHtmlCacheBehavior [ RunTime:0.000000s ]
INFO: [ view_filter ] --END-- [ RunTime:0.000000s ]
INFO: [ app_end ] --START--
INFO: Run Behavior\ShowPageTraceBehavior [ RunTime:0.000000s ]
INFO: [ app_end ] --END-- [ RunTime:0.000000s ]

[ 2016-11-13T15:00:59+08:00 ] 127.0.0.1 /index.php/Home/Sc/flcx/id/236.html
INFO: [ app_init ] --START--
INFO: Run Behavior\BuildLiteBehavior [ RunTime:0.000000s ]
INFO: [ app_init ] --END-- [ RunTime:0.000000s ]
INFO: [ app_begin ] --START--
INFO: Run Behavior\ReadHtmlCacheBehavior [ RunTime:0.000000s ]
INFO: [ app_begin ] --END-- [ RunTime:0.000000s ]
SQL: SHOW COLUMNS FROM `sc` [ RunTime:0.0040s ]
SQL: SELECT * FROM `sc` WHERE ( parent_sid=0 )  [ RunTime:0.0000s ]
SQL: SELECT * FROM `sc` WHERE ( parent_sid=236 )  [ RunTime:0.0010s ]
SQL: SELECT * FROM `sc` WHERE ( parent_sid=237 )  [ RunTime:0.0000s ]
SQL: SELECT * FROM `sc` WHERE ( parent_sid=238 )  [ RunTime:0.0010s ]
SQL: SELECT * FROM `sc` WHERE ( parent_sid=239 )  [ RunTime:0.0000s ]
SQL: SELECT * FROM `sc` WHERE ( parent_sid=240 )  [ RunTime:0.0000s ]
SQL: SELECT * FROM `sc` WHERE ( parent_sid=241 )  [ RunTime:0.0000s ]
INFO: [ view_parse ] --START--
INFO: [ template_filter ] --START--
INFO: Run Behavior\ContentReplaceBehavior [ RunTime:0.000000s ]
INFO: [ template_filter ] --END-- [ RunTime:0.000000s ]
INFO: Run Behavior\ParseTemplateBehavior [ RunTime:0.007001s ]
INFO: [ view_parse ] --END-- [ RunTime:0.007001s ]
INFO: [ view_filter ] --START--
INFO: Run Behavior\WriteHtmlCacheBehavior [ RunTime:0.001000s ]
INFO: [ view_filter ] --END-- [ RunTime:0.001000s ]
INFO: [ app_end ] --START--
INFO: Run Behavior\ShowPageTraceBehavior [ RunTime:0.000000s ]
INFO: [ app_end ] --END-- [ RunTime:0.000000s ]

[ 2016-11-13T15:01:13+08:00 ] 127.0.0.1 /index.php/Home/Health/index.html
INFO: [ app_init ] --START--
INFO: Run Behavior\BuildLiteBehavior [ RunTime:0.000000s ]
INFO: [ app_init ] --END-- [ RunTime:0.000000s ]
INFO: [ app_begin ] --START--
INFO: Run Behavior\ReadHtmlCacheBehavior [ RunTime:0.000000s ]
INFO: [ app_begin ] --END-- [ RunTime:0.000000s ]
INFO: [ view_parse ] --START--
INFO: [ template_filter ] --START--
INFO: Run Behavior\ContentReplaceBehavior [ RunTime:0.001000s ]
INFO: [ template_filter ] --END-- [ RunTime:0.001000s ]
NOTIC: [8] Use of undefined constant Home - assumed 'Home' D:\phpStudy\WWW\pro\meishi\food\Runtime\Cache\Home\25c5ef289fe020b12c488739e65393a9.php 第 46 行.
NOTIC: [8] Use of undefined constant Index - assumed 'Index' D:\phpStudy\WWW\pro\meishi\food\Runtime\Cache\Home\25c5ef289fe020b12c488739e65393a9.php 第 46 行.
NOTIC: [2] Division by zero D:\phpStudy\WWW\pro\meishi\food\Runtime\Cache\Home\25c5ef289fe020b12c488739e65393a9.php 第 46 行.
NOTIC: [8] Use of undefined constant index - assumed 'index' D:\phpStudy\WWW\pro\meishi\food\Runtime\Cache\Home\25c5ef289fe020b12c488739e65393a9.php 第 46 行.
NOTIC: [2] Division by zero D:\phpStudy\WWW\pro\meishi\food\Runtime\Cache\Home\25c5ef289fe020b12c488739e65393a9.php 第 46 行.
INFO: Run Behavior\ParseTemplateBehavior [ RunTime:0.026002s ]
INFO: [ view_parse ] --END-- [ RunTime:0.026002s ]
INFO: [ view_filter ] --START--
INFO: Run Behavior\WriteHtmlCacheBehavior [ RunTime:0.000000s ]
INFO: [ view_filter ] --END-- [ RunTime:0.000000s ]
INFO: [ app_end ] --START--
INFO: Run Behavior\ShowPageTraceBehavior [ RunTime:0.000000s ]
INFO: [ app_end ] --END-- [ RunTime:0.001000s ]

[ 2016-11-13T15:01:18+08:00 ] 127.0.0.1 /index.php/Home/Huati/index.html
INFO: [ app_init ] --START--
INFO: Run Behavior\BuildLiteBehavior [ RunTime:0.000000s ]
INFO: [ app_init ] --END-- [ RunTime:0.000000s ]
INFO: [ app_begin ] --START--
INFO: Run Behavior\ReadHtmlCacheBehavior [ RunTime:0.000000s ]
INFO: [ app_begin ] --END-- [ RunTime:0.001000s ]
SQL: SHOW COLUMNS FROM `huati` [ RunTime:0.0040s ]
SQL: SELECT * FROM `huati` ORDER BY pubtime desc  [ RunTime:0.0000s ]
SQL: SHOW COLUMNS FROM `user` [ RunTime:0.0070s ]
SQL: SELECT `user_name` FROM `user` WHERE ( uid=1 ) LIMIT 1   [ RunTime:0.0010s ]
SQL: SHOW COLUMNS FROM `htimg` [ RunTime:0.0030s ]
SQL: SELECT `thumb_img` FROM `htimg` WHERE ( htid =12 )  [ RunTime:0.0000s ]
SQL: SELECT `user_name` FROM `user` WHERE ( uid=1 ) LIMIT 1   [ RunTime:0.0010s ]
SQL: SELECT `thumb_img` FROM `htimg` WHERE ( htid =11 )  [ RunTime:0.0000s ]
SQL: SELECT `user_name` FROM `user` WHERE ( uid=1 ) LIMIT 1   [ RunTime:0.0000s ]
SQL: SELECT `thumb_img` FROM `htimg` WHERE ( htid =1 )  [ RunTime:0.0000s ]
INFO: [ view_parse ] --START--
INFO: [ template_filter ] --START--
INFO: Run Behavior\ContentReplaceBehavior [ RunTime:0.000000s ]
INFO: [ template_filter ] --END-- [ RunTime:0.000000s ]
INFO: Run Behavior\ParseTemplateBehavior [ RunTime:0.012001s ]
INFO: [ view_parse ] --END-- [ RunTime:0.012001s ]
INFO: [ view_filter ] --START--
INFO: Run Behavior\WriteHtmlCacheBehavior [ RunTime:0.001000s ]
INFO: [ view_filter ] --END-- [ RunTime:0.001000s ]
INFO: [ app_end ] --START--
INFO: Run Behavior\ShowPageTraceBehavior [ RunTime:0.000000s ]
INFO: [ app_end ] --END-- [ RunTime:0.000000s ]

[ 2016-11-13T15:01:18+08:00 ] 127.0.0.1 /index.php/Home/Huati/index.html
INFO: [ app_init ] --START--
INFO: Run Behavior\BuildLiteBehavior [ RunTime:0.000000s ]
INFO: [ app_init ] --END-- [ RunTime:0.000000s ]
INFO: [ app_begin ] --START--
INFO: Run Behavior\ReadHtmlCacheBehavior [ RunTime:0.000000s ]
INFO: [ app_begin ] --END-- [ RunTime:0.000000s ]
SQL: SHOW COLUMNS FROM `huati` [ RunTime:0.0030s ]
SQL: SELECT * FROM `huati` ORDER BY pubtime desc  [ RunTime:0.0010s ]
SQL: SHOW COLUMNS FROM `user` [ RunTime:0.0040s ]
SQL: SELECT `user_name` FROM `user` WHERE ( uid=1 ) LIMIT 1   [ RunTime:0.0000s ]
SQL: SHOW COLUMNS FROM `htimg` [ RunTime:0.0040s ]
SQL: SELECT `thumb_img` FROM `htimg` WHERE ( htid =12 )  [ RunTime:0.0000s ]
SQL: SELECT `user_name` FROM `user` WHERE ( uid=1 ) LIMIT 1   [ RunTime:0.0000s ]
SQL: SELECT `thumb_img` FROM `htimg` WHERE ( htid =11 )  [ RunTime:0.0000s ]
SQL: SELECT `user_name` FROM `user` WHERE ( uid=1 ) LIMIT 1   [ RunTime:0.0010s ]
SQL: SELECT `thumb_img` FROM `htimg` WHERE ( htid =1 )  [ RunTime:0.0000s ]
INFO: [ view_parse ] --START--
INFO: [ template_filter ] --START--
INFO: Run Behavior\ContentReplaceBehavior [ RunTime:0.001000s ]
INFO: [ template_filter ] --END-- [ RunTime:0.001000s ]
INFO: Run Behavior\ParseTemplateBehavior [ RunTime:0.009000s ]
INFO: [ view_parse ] --END-- [ RunTime:0.009000s ]
INFO: [ view_filter ] --START--
INFO: Run Behavior\WriteHtmlCacheBehavior [ RunTime:0.001000s ]
INFO: [ view_filter ] --END-- [ RunTime:0.001000s ]
INFO: [ app_end ] --START--
INFO: Run Behavior\ShowPageTraceBehavior [ RunTime:0.000000s ]
INFO: [ app_end ] --END-- [ RunTime:0.000000s ]

[ 2016-11-13T15:01:18+08:00 ] 127.0.0.1 /index.php/Home/Huati/index.html
INFO: [ app_init ] --START--
INFO: Run Behavior\BuildLiteBehavior [ RunTime:0.000000s ]
INFO: [ app_init ] --END-- [ RunTime:0.000000s ]
INFO: [ app_begin ] --START--
INFO: Run Behavior\ReadHtmlCacheBehavior [ RunTime:0.000000s ]
INFO: [ app_begin ] --END-- [ RunTime:0.000000s ]
SQL: SHOW COLUMNS FROM `huati` [ RunTime:0.0040s ]
SQL: SELECT * FROM `huati` ORDER BY pubtime desc  [ RunTime:0.0000s ]
SQL: SHOW COLUMNS FROM `user` [ RunTime:0.0030s ]
SQL: SELECT `user_name` FROM `user` WHERE ( uid=1 ) LIMIT 1   [ RunTime:0.0000s ]
SQL: SHOW COLUMNS FROM `htimg` [ RunTime:0.0030s ]
SQL: SELECT `thumb_img` FROM `htimg` WHERE ( htid =12 )  [ RunTime:0.0010s ]
SQL: SELECT `user_name` FROM `user` WHERE ( uid=1 ) LIMIT 1   [ RunTime:0.0000s ]
SQL: SELECT `thumb_img` FROM `htimg` WHERE ( htid =11 )  [ RunTime:0.0000s ]
SQL: SELECT `user_name` FROM `user` WHERE ( uid=1 ) LIMIT 1   [ RunTime:0.0000s ]
SQL: SELECT `thumb_img` FROM `htimg` WHERE ( htid =1 )  [ RunTime:0.0010s ]
INFO: [ view_parse ] --START--
INFO: [ template_filter ] --START--
INFO: Run Behavior\ContentReplaceBehavior [ RunTime:0.000000s ]
INFO: [ template_filter ] --END-- [ RunTime:0.000000s ]
INFO: Run Behavior\ParseTemplateBehavior [ RunTime:0.010000s ]
INFO: [ view_parse ] --END-- [ RunTime:0.010000s ]
INFO: [ view_filter ] --START--
INFO: Run Behavior\WriteHtmlCacheBehavior [ RunTime:0.000000s ]
INFO: [ view_filter ] --END-- [ RunTime:0.000000s ]
INFO: [ app_end ] --START--
INFO: Run Behavior\ShowPageTraceBehavior [ RunTime:0.001000s ]
INFO: [ app_end ] --END-- [ RunTime:0.001000s ]

[ 2016-11-13T15:01:24+08:00 ] 127.0.0.1 /index.php/Home/Huati/huatione/id/1.html
INFO: [ app_init ] --START--
INFO: Run Behavior\BuildLiteBehavior [ RunTime:0.000000s ]
INFO: [ app_init ] --END-- [ RunTime:0.000000s ]
INFO: [ app_begin ] --START--
INFO: Run Behavior\ReadHtmlCacheBehavior [ RunTime:0.000000s ]
INFO: [ app_begin ] --END-- [ RunTime:0.000000s ]
SQL: SHOW COLUMNS FROM `huati` [ RunTime:0.0040s ]
SQL: SELECT * FROM `huati` WHERE `htid` = 1 LIMIT 1   [ RunTime:0.0010s ]
SQL: SHOW COLUMNS FROM `htimg` [ RunTime:0.0030s ]
SQL: SELECT * FROM `htimg` WHERE ( htid=1 )  [ RunTime:0.0000s ]
SQL: SHOW COLUMNS FROM `htcomm` [ RunTime:0.0050s ]
SQL: SELECT * FROM `htcomm` WHERE ( htid=1 )  [ RunTime:0.0010s ]
INFO: [ view_parse ] --START--
INFO: [ template_filter ] --START--
INFO: Run Behavior\ContentReplaceBehavior [ RunTime:0.000000s ]
INFO: [ template_filter ] --END-- [ RunTime:0.000000s ]
INFO: Run Behavior\ParseTemplateBehavior [ RunTime:0.009000s ]
INFO: [ view_parse ] --END-- [ RunTime:0.009000s ]
INFO: [ view_filter ] --START--
INFO: Run Behavior\WriteHtmlCacheBehavior [ RunTime:0.000000s ]
INFO: [ view_filter ] --END-- [ RunTime:0.000000s ]
INFO: [ app_end ] --START--
INFO: Run Behavior\ShowPageTraceBehavior [ RunTime:0.000000s ]
INFO: [ app_end ] --END-- [ RunTime:0.000000s ]

[ 2016-11-13T15:01:24+08:00 ] 127.0.0.1 /index.php/Home/Huati/huatione/id/1.html
INFO: [ app_init ] --START--
INFO: Run Behavior\BuildLiteBehavior [ RunTime:0.000000s ]
INFO: [ app_init ] --END-- [ RunTime:0.000000s ]
INFO: [ app_begin ] --START--
INFO: Run Behavior\ReadHtmlCacheBehavior [ RunTime:0.000000s ]
INFO: [ app_begin ] --END-- [ RunTime:0.000000s ]
SQL: SHOW COLUMNS FROM `huati` [ RunTime:0.0040s ]
SQL: SELECT * FROM `huati` WHERE `htid` = 1 LIMIT 1   [ RunTime:0.0000s ]
SQL: SHOW COLUMNS FROM `htimg` [ RunTime:0.0030s ]
SQL: SELECT * FROM `htimg` WHERE ( htid=1 )  [ RunTime:0.0000s ]
SQL: SHOW COLUMNS FROM `htcomm` [ RunTime:0.0030s ]
SQL: SELECT * FROM `htcomm` WHERE ( htid=1 )  [ RunTime:0.0000s ]
INFO: [ view_parse ] --START--
INFO: [ template_filter ] --START--
INFO: Run Behavior\ContentReplaceBehavior [ RunTime:0.000000s ]
INFO: [ template_filter ] --END-- [ RunTime:0.000000s ]
INFO: Run Behavior\ParseTemplateBehavior [ RunTime:0.009000s ]
INFO: [ view_parse ] --END-- [ RunTime:0.009000s ]
INFO: [ view_filter ] --START--
INFO: Run Behavior\WriteHtmlCacheBehavior [ RunTime:0.000000s ]
INFO: [ view_filter ] --END-- [ RunTime:0.000000s ]
INFO: [ app_end ] --START--
INFO: Run Behavior\ShowPageTraceBehavior [ RunTime:0.001000s ]
INFO: [ app_end ] --END-- [ RunTime:0.001000s ]

