[ 2016-11-14T00:01:06+08:00 ] 127.0.0.1 /home/user/usercenter
INFO: [ app_init ] --START--
INFO: Run Behavior\BuildLiteBehavior [ RunTime:0.000000s ]
INFO: [ app_init ] --END-- [ RunTime:0.000000s ]
INFO: [ app_begin ] --START--
INFO: Run Behavior\ReadHtmlCacheBehavior [ RunTime:0.001000s ]
INFO: [ app_begin ] --END-- [ RunTime:0.001000s ]
INFO: [ view_parse ] --START--
INFO: [ template_filter ] --START--
INFO: Run Behavior\ContentReplaceBehavior [ RunTime:0.000000s ]
INFO: [ template_filter ] --END-- [ RunTime:0.000000s ]
INFO: Run Behavior\ParseTemplateBehavior [ RunTime:0.015001s ]
INFO: [ view_parse ] --END-- [ RunTime:0.015001s ]
INFO: [ view_filter ] --START--
INFO: Run Behavior\WriteHtmlCacheBehavior [ RunTime:0.000000s ]
INFO: [ view_filter ] --END-- [ RunTime:0.000000s ]
INFO: [ app_end ] --START--
INFO: Run Behavior\ShowPageTraceBehavior [ RunTime:0.000000s ]
INFO: [ app_end ] --END-- [ RunTime:0.000000s ]

[ 2016-11-14T00:01:06+08:00 ] 127.0.0.1 /home/user/%E7%BC%96%E8%BE%91%E4%B8%8A%E4%BC%A0%E8%8F%9C%E8%B0%B1-%E7%BE%8E%E9%A3%9F%E5%A4%A9%E4%B8%8B_files/nir1.png
INFO: [ app_init ] --START--
INFO: Run Behavior\BuildLiteBehavior [ RunTime:0.000000s ]
INFO: [ app_init ] --END-- [ RunTime:0.001000s ]

[ 2016-11-14T00:01:06+08:00 ] 127.0.0.1 /home/user/%E7%BC%96%E8%BE%91%E4%B8%8A%E4%BC%A0%E8%8F%9C%E8%B0%B1-%E7%BE%8E%E9%A3%9F%E5%A4%A9%E4%B8%8B_files/nir2.png
INFO: [ app_init ] --START--
INFO: Run Behavior\BuildLiteBehavior [ RunTime:0.000000s ]
INFO: [ app_init ] --END-- [ RunTime:0.000000s ]

[ 2016-11-14T00:01:07+08:00 ] 127.0.0.1 /home/user/%E7%BC%96%E8%BE%91%E4%B8%8A%E4%BC%A0%E8%8F%9C%E8%B0%B1-%E7%BE%8E%E9%A3%9F%E5%A4%A9%E4%B8%8B_files/nir3.png
INFO: [ app_init ] --START--
INFO: Run Behavior\BuildLiteBehavior [ RunTime:0.000000s ]
INFO: [ app_init ] --END-- [ RunTime:0.000000s ]

[ 2016-11-14T00:01:07+08:00 ] 127.0.0.1 /home/user/%E7%BC%96%E8%BE%91%E4%B8%8A%E4%BC%A0%E8%8F%9C%E8%B0%B1-%E7%BE%8E%E9%A3%9F%E5%A4%A9%E4%B8%8B_files/nr2.png
INFO: [ app_init ] --START--
INFO: Run Behavior\BuildLiteBehavior [ RunTime:0.000000s ]
INFO: [ app_init ] --END-- [ RunTime:0.000000s ]

[ 2016-11-14T00:01:07+08:00 ] 127.0.0.1 /home/user/%E7%BC%96%E8%BE%91%E4%B8%8A%E4%BC%A0%E8%8F%9C%E8%B0%B1-%E7%BE%8E%E9%A3%9F%E5%A4%A9%E4%B8%8B_files/count.php
INFO: [ app_init ] --START--
INFO: Run Behavior\BuildLiteBehavior [ RunTime:0.000000s ]
INFO: [ app_init ] --END-- [ RunTime:0.000000s ]
INFO: [ app_begin ] --START--
INFO: Run Behavior\ReadHtmlCacheBehavior [ RunTime:0.001000s ]
INFO: [ app_begin ] --END-- [ RunTime:0.001000s ]
ERR: 非法操作:编辑上传菜谱-美食天下_files

[ 2016-11-14T00:01:39+08:00 ] 127.0.0.1 /
INFO: [ app_init ] --START--
INFO: Run Behavior\BuildLiteBehavior [ RunTime:0.000000s ]
INFO: [ app_init ] --END-- [ RunTime:0.000000s ]
INFO: [ app_begin ] --START--
INFO: Run Behavior\ReadHtmlCacheBehavior [ RunTime:0.001000s ]
INFO: [ app_begin ] --END-- [ RunTime:0.001000s ]
SQL: SHOW COLUMNS FROM `sc` [ RunTime:0.0050s ]
SQL: SELECT * FROM `sc` WHERE ( parent_sid=0 ) LIMIT 4   [ RunTime:0.0000s ]
SQL: SHOW COLUMNS FROM `slsc` [ RunTime:0.0040s ]
SQL: SELECT * FROM `slsc`  [ RunTime:0.0000s ]
SQL: SHOW COLUMNS FROM `recipecat` [ RunTime:0.0030s ]
SQL: SELECT * FROM `recipecat` WHERE ( parent_cid != 0 ) LIMIT 11   [ RunTime:0.0000s ]
SQL: SELECT * FROM `sc` WHERE ( parent_sid = 0 ) LIMIT 11   [ RunTime:0.0000s ]
SQL: SHOW COLUMNS FROM `huati` [ RunTime:0.0040s ]
SQL: SELECT * FROM `huati` ORDER BY pubtime desc LIMIT 10   [ RunTime:0.0010s ]
SQL: SHOW COLUMNS FROM `htimg` [ RunTime:0.0030s ]
SQL: SELECT `thumb_img` FROM `htimg` WHERE ( htid=12 ) LIMIT 4   [ RunTime:0.0000s ]
SQL: SHOW COLUMNS FROM `htcomm` [ RunTime:0.0030s ]
SQL: SELECT COUNT(*) AS tp_count FROM `htcomm` WHERE ( htid=12 ) LIMIT 1   [ RunTime:0.0000s ]
SQL: SELECT `thumb_img` FROM `htimg` WHERE ( htid=11 ) LIMIT 4   [ RunTime:0.0010s ]
SQL: SELECT COUNT(*) AS tp_count FROM `htcomm` WHERE ( htid=11 ) LIMIT 1   [ RunTime:0.0000s ]
SQL: SELECT `thumb_img` FROM `htimg` WHERE ( htid=1 ) LIMIT 4   [ RunTime:0.0000s ]
SQL: SELECT COUNT(*) AS tp_count FROM `htcomm` WHERE ( htid=1 ) LIMIT 1   [ RunTime:0.0000s ]
INFO: [ view_parse ] --START--
INFO: [ template_filter ] --START--
INFO: Run Behavior\ContentReplaceBehavior [ RunTime:0.001001s ]
INFO: [ template_filter ] --END-- [ RunTime:0.001001s ]
NOTIC: [8] Use of undefined constant cid - assumed 'cid' D:\phpStudy\WWW\pro\meishi\food\Runtime\Cache\Home\0e81cdeb7ee9417f3afdd1181f3c8e12.php 第 115 行.
NOTIC: [8] Use of undefined constant cid - assumed 'cid' D:\phpStudy\WWW\pro\meishi\food\Runtime\Cache\Home\0e81cdeb7ee9417f3afdd1181f3c8e12.php 第 115 行.
NOTIC: [8] Use of undefined constant cid - assumed 'cid' D:\phpStudy\WWW\pro\meishi\food\Runtime\Cache\Home\0e81cdeb7ee9417f3afdd1181f3c8e12.php 第 115 行.
NOTIC: [8] Use of undefined constant cid - assumed 'cid' D:\phpStudy\WWW\pro\meishi\food\Runtime\Cache\Home\0e81cdeb7ee9417f3afdd1181f3c8e12.php 第 115 行.
NOTIC: [8] Use of undefined constant cid - assumed 'cid' D:\phpStudy\WWW\pro\meishi\food\Runtime\Cache\Home\0e81cdeb7ee9417f3afdd1181f3c8e12.php 第 115 行.
NOTIC: [8] Use of undefined constant cid - assumed 'cid' D:\phpStudy\WWW\pro\meishi\food\Runtime\Cache\Home\0e81cdeb7ee9417f3afdd1181f3c8e12.php 第 115 行.
NOTIC: [8] Use of undefined constant cid - assumed 'cid' D:\phpStudy\WWW\pro\meishi\food\Runtime\Cache\Home\0e81cdeb7ee9417f3afdd1181f3c8e12.php 第 115 行.
NOTIC: [8] Use of undefined constant cid - assumed 'cid' D:\phpStudy\WWW\pro\meishi\food\Runtime\Cache\Home\0e81cdeb7ee9417f3afdd1181f3c8e12.php 第 115 行.
NOTIC: [8] Use of undefined constant cid - assumed 'cid' D:\phpStudy\WWW\pro\meishi\food\Runtime\Cache\Home\0e81cdeb7ee9417f3afdd1181f3c8e12.php 第 115 行.
NOTIC: [8] Use of undefined constant cid - assumed 'cid' D:\phpStudy\WWW\pro\meishi\food\Runtime\Cache\Home\0e81cdeb7ee9417f3afdd1181f3c8e12.php 第 115 行.
NOTIC: [8] Use of undefined constant cid - assumed 'cid' D:\phpStudy\WWW\pro\meishi\food\Runtime\Cache\Home\0e81cdeb7ee9417f3afdd1181f3c8e12.php 第 115 行.
INFO: Run Behavior\ParseTemplateBehavior [ RunTime:0.022001s ]
INFO: [ view_parse ] --END-- [ RunTime:0.022001s ]
INFO: [ view_filter ] --START--
INFO: Run Behavior\WriteHtmlCacheBehavior [ RunTime:0.000000s ]
INFO: [ view_filter ] --END-- [ RunTime:0.000000s ]
INFO: [ app_end ] --START--
INFO: Run Behavior\ShowPageTraceBehavior [ RunTime:0.001000s ]
INFO: [ app_end ] --END-- [ RunTime:0.001000s ]

[ 2016-11-14T00:03:16+08:00 ] 127.0.0.1 /
INFO: [ app_init ] --START--
INFO: Run Behavior\BuildLiteBehavior [ RunTime:0.000000s ]
INFO: [ app_init ] --END-- [ RunTime:0.000000s ]
INFO: [ app_begin ] --START--
INFO: Run Behavior\ReadHtmlCacheBehavior [ RunTime:0.000000s ]
INFO: [ app_begin ] --END-- [ RunTime:0.000000s ]
SQL: SHOW COLUMNS FROM `sc` [ RunTime:0.0040s ]
SQL: SELECT * FROM `sc` WHERE ( parent_sid=0 ) LIMIT 4   [ RunTime:0.0000s ]
SQL: SHOW COLUMNS FROM `slsc` [ RunTime:0.0030s ]
SQL: SELECT * FROM `slsc`  [ RunTime:0.0000s ]
SQL: SHOW COLUMNS FROM `recipecat` [ RunTime:0.0030s ]
SQL: SELECT * FROM `recipecat` WHERE ( parent_cid != 0 ) LIMIT 11   [ RunTime:0.0000s ]
SQL: SELECT * FROM `sc` WHERE ( parent_sid = 0 ) LIMIT 11   [ RunTime:0.0000s ]
SQL: SHOW COLUMNS FROM `huati` [ RunTime:0.0030s ]
SQL: SELECT * FROM `huati` ORDER BY pubtime desc LIMIT 10   [ RunTime:0.0000s ]
SQL: SHOW COLUMNS FROM `htimg` [ RunTime:0.0030s ]
SQL: SELECT `thumb_img` FROM `htimg` WHERE ( htid=12 ) LIMIT 4   [ RunTime:0.0000s ]
SQL: SHOW COLUMNS FROM `htcomm` [ RunTime:0.0030s ]
SQL: SELECT COUNT(*) AS tp_count FROM `htcomm` WHERE ( htid=12 ) LIMIT 1   [ RunTime:0.0000s ]
SQL: SELECT `thumb_img` FROM `htimg` WHERE ( htid=11 ) LIMIT 4   [ RunTime:0.0000s ]
SQL: SELECT COUNT(*) AS tp_count FROM `htcomm` WHERE ( htid=11 ) LIMIT 1   [ RunTime:0.0000s ]
SQL: SELECT `thumb_img` FROM `htimg` WHERE ( htid=1 ) LIMIT 4   [ RunTime:0.0000s ]
SQL: SELECT COUNT(*) AS tp_count FROM `htcomm` WHERE ( htid=1 ) LIMIT 1   [ RunTime:0.0000s ]
INFO: [ view_parse ] --START--
INFO: [ template_filter ] --START--
INFO: Run Behavior\ContentReplaceBehavior [ RunTime:0.001000s ]
INFO: [ template_filter ] --END-- [ RunTime:0.001000s ]
NOTIC: [8] Use of undefined constant cid - assumed 'cid' D:\phpStudy\WWW\pro\meishi\food\Runtime\Cache\Home\0e81cdeb7ee9417f3afdd1181f3c8e12.php 第 115 行.
NOTIC: [8] Use of undefined constant cid - assumed 'cid' D:\phpStudy\WWW\pro\meishi\food\Runtime\Cache\Home\0e81cdeb7ee9417f3afdd1181f3c8e12.php 第 115 行.
NOTIC: [8] Use of undefined constant cid - assumed 'cid' D:\phpStudy\WWW\pro\meishi\food\Runtime\Cache\Home\0e81cdeb7ee9417f3afdd1181f3c8e12.php 第 115 行.
NOTIC: [8] Use of undefined constant cid - assumed 'cid' D:\phpStudy\WWW\pro\meishi\food\Runtime\Cache\Home\0e81cdeb7ee9417f3afdd1181f3c8e12.php 第 115 行.
NOTIC: [8] Use of undefined constant cid - assumed 'cid' D:\phpStudy\WWW\pro\meishi\food\Runtime\Cache\Home\0e81cdeb7ee9417f3afdd1181f3c8e12.php 第 115 行.
NOTIC: [8] Use of undefined constant cid - assumed 'cid' D:\phpStudy\WWW\pro\meishi\food\Runtime\Cache\Home\0e81cdeb7ee9417f3afdd1181f3c8e12.php 第 115 行.
NOTIC: [8] Use of undefined constant cid - assumed 'cid' D:\phpStudy\WWW\pro\meishi\food\Runtime\Cache\Home\0e81cdeb7ee9417f3afdd1181f3c8e12.php 第 115 行.
NOTIC: [8] Use of undefined constant cid - assumed 'cid' D:\phpStudy\WWW\pro\meishi\food\Runtime\Cache\Home\0e81cdeb7ee9417f3afdd1181f3c8e12.php 第 115 行.
NOTIC: [8] Use of undefined constant cid - assumed 'cid' D:\phpStudy\WWW\pro\meishi\food\Runtime\Cache\Home\0e81cdeb7ee9417f3afdd1181f3c8e12.php 第 115 行.
NOTIC: [8] Use of undefined constant cid - assumed 'cid' D:\phpStudy\WWW\pro\meishi\food\Runtime\Cache\Home\0e81cdeb7ee9417f3afdd1181f3c8e12.php 第 115 行.
NOTIC: [8] Use of undefined constant cid - assumed 'cid' D:\phpStudy\WWW\pro\meishi\food\Runtime\Cache\Home\0e81cdeb7ee9417f3afdd1181f3c8e12.php 第 115 行.
INFO: Run Behavior\ParseTemplateBehavior [ RunTime:0.026001s ]
INFO: [ view_parse ] --END-- [ RunTime:0.026001s ]
INFO: [ view_filter ] --START--
INFO: Run Behavior\WriteHtmlCacheBehavior [ RunTime:0.000000s ]
INFO: [ view_filter ] --END-- [ RunTime:0.000000s ]
INFO: [ app_end ] --START--
INFO: Run Behavior\ShowPageTraceBehavior [ RunTime:0.001000s ]
INFO: [ app_end ] --END-- [ RunTime:0.001000s ]

[ 2016-11-14T00:03:57+08:00 ] 127.0.0.1 /
INFO: [ app_init ] --START--
INFO: Run Behavior\BuildLiteBehavior [ RunTime:0.000000s ]
INFO: [ app_init ] --END-- [ RunTime:0.000000s ]
INFO: [ app_begin ] --START--
INFO: Run Behavior\ReadHtmlCacheBehavior [ RunTime:0.000000s ]
INFO: [ app_begin ] --END-- [ RunTime:0.000000s ]
SQL: SHOW COLUMNS FROM `sc` [ RunTime:0.0030s ]
SQL: SELECT * FROM `sc` WHERE ( parent_sid=0 ) LIMIT 4   [ RunTime:0.0000s ]
SQL: SHOW COLUMNS FROM `slsc` [ RunTime:0.0020s ]
SQL: SELECT * FROM `slsc`  [ RunTime:0.0000s ]
SQL: SHOW COLUMNS FROM `recipecat` [ RunTime:0.0030s ]
SQL: SELECT * FROM `recipecat` WHERE ( parent_cid != 0 ) LIMIT 11   [ RunTime:0.0010s ]
SQL: SELECT * FROM `sc` WHERE ( parent_sid = 0 ) LIMIT 11   [ RunTime:0.0000s ]
SQL: SHOW COLUMNS FROM `huati` [ RunTime:0.0030s ]
SQL: SELECT * FROM `huati` ORDER BY pubtime desc LIMIT 10   [ RunTime:0.0000s ]
SQL: SHOW COLUMNS FROM `htimg` [ RunTime:0.0020s ]
SQL: SELECT `thumb_img` FROM `htimg` WHERE ( htid=12 ) LIMIT 4   [ RunTime:0.0000s ]
SQL: SHOW COLUMNS FROM `htcomm` [ RunTime:0.0030s ]
SQL: SELECT COUNT(*) AS tp_count FROM `htcomm` WHERE ( htid=12 ) LIMIT 1   [ RunTime:0.0000s ]
SQL: SELECT `thumb_img` FROM `htimg` WHERE ( htid=11 ) LIMIT 4   [ RunTime:0.0000s ]
SQL: SELECT COUNT(*) AS tp_count FROM `htcomm` WHERE ( htid=11 ) LIMIT 1   [ RunTime:0.0000s ]
SQL: SELECT `thumb_img` FROM `htimg` WHERE ( htid=1 ) LIMIT 4   [ RunTime:0.0010s ]
SQL: SELECT COUNT(*) AS tp_count FROM `htcomm` WHERE ( htid=1 ) LIMIT 1   [ RunTime:0.0000s ]
INFO: [ view_parse ] --START--
INFO: [ template_filter ] --START--
INFO: Run Behavior\ContentReplaceBehavior [ RunTime:0.001000s ]
INFO: [ template_filter ] --END-- [ RunTime:0.001000s ]
NOTIC: [8] Use of undefined constant cid - assumed 'cid' D:\phpStudy\WWW\pro\meishi\food\Runtime\Cache\Home\0e81cdeb7ee9417f3afdd1181f3c8e12.php 第 115 行.
NOTIC: [8] Use of undefined constant cid - assumed 'cid' D:\phpStudy\WWW\pro\meishi\food\Runtime\Cache\Home\0e81cdeb7ee9417f3afdd1181f3c8e12.php 第 115 行.
NOTIC: [8] Use of undefined constant cid - assumed 'cid' D:\phpStudy\WWW\pro\meishi\food\Runtime\Cache\Home\0e81cdeb7ee9417f3afdd1181f3c8e12.php 第 115 行.
NOTIC: [8] Use of undefined constant cid - assumed 'cid' D:\phpStudy\WWW\pro\meishi\food\Runtime\Cache\Home\0e81cdeb7ee9417f3afdd1181f3c8e12.php 第 115 行.
NOTIC: [8] Use of undefined constant cid - assumed 'cid' D:\phpStudy\WWW\pro\meishi\food\Runtime\Cache\Home\0e81cdeb7ee9417f3afdd1181f3c8e12.php 第 115 行.
NOTIC: [8] Use of undefined constant cid - assumed 'cid' D:\phpStudy\WWW\pro\meishi\food\Runtime\Cache\Home\0e81cdeb7ee9417f3afdd1181f3c8e12.php 第 115 行.
NOTIC: [8] Use of undefined constant cid - assumed 'cid' D:\phpStudy\WWW\pro\meishi\food\Runtime\Cache\Home\0e81cdeb7ee9417f3afdd1181f3c8e12.php 第 115 行.
NOTIC: [8] Use of undefined constant cid - assumed 'cid' D:\phpStudy\WWW\pro\meishi\food\Runtime\Cache\Home\0e81cdeb7ee9417f3afdd1181f3c8e12.php 第 115 行.
NOTIC: [8] Use of undefined constant cid - assumed 'cid' D:\phpStudy\WWW\pro\meishi\food\Runtime\Cache\Home\0e81cdeb7ee9417f3afdd1181f3c8e12.php 第 115 行.
NOTIC: [8] Use of undefined constant cid - assumed 'cid' D:\phpStudy\WWW\pro\meishi\food\Runtime\Cache\Home\0e81cdeb7ee9417f3afdd1181f3c8e12.php 第 115 行.
NOTIC: [8] Use of undefined constant cid - assumed 'cid' D:\phpStudy\WWW\pro\meishi\food\Runtime\Cache\Home\0e81cdeb7ee9417f3afdd1181f3c8e12.php 第 115 行.
INFO: Run Behavior\ParseTemplateBehavior [ RunTime:0.020002s ]
INFO: [ view_parse ] --END-- [ RunTime:0.020002s ]
INFO: [ view_filter ] --START--
INFO: Run Behavior\WriteHtmlCacheBehavior [ RunTime:0.000000s ]
INFO: [ view_filter ] --END-- [ RunTime:0.000000s ]
INFO: [ app_end ] --START--
INFO: Run Behavior\ShowPageTraceBehavior [ RunTime:0.000000s ]
INFO: [ app_end ] --END-- [ RunTime:0.000000s ]

[ 2016-11-14T20:06:21+08:00 ] 127.0.0.1 /home/huatiadd
INFO: [ app_init ] --START--
INFO: Run Behavior\BuildLiteBehavior [ RunTime:0.000000s ]
INFO: [ app_init ] --END-- [ RunTime:0.001000s ]
INFO: [ app_begin ] --START--
INFO: Run Behavior\ReadHtmlCacheBehavior [ RunTime:0.000500s ]
INFO: [ app_begin ] --END-- [ RunTime:0.000500s ]
ERR: 无法加载控制器:Huatiadd

[ 2016-11-14T20:06:32+08:00 ] 127.0.0.1 /home/huati/huatiadd
INFO: [ app_init ] --START--
INFO: Run Behavior\BuildLiteBehavior [ RunTime:0.000000s ]
INFO: [ app_init ] --END-- [ RunTime:0.000501s ]
INFO: [ app_begin ] --START--
INFO: Run Behavior\ReadHtmlCacheBehavior [ RunTime:0.000500s ]
INFO: [ app_begin ] --END-- [ RunTime:0.000500s ]
INFO: [ view_parse ] --START--
INFO: [ template_filter ] --START--
INFO: Run Behavior\ContentReplaceBehavior [ RunTime:0.000000s ]
INFO: [ template_filter ] --END-- [ RunTime:0.000000s ]
INFO: Run Behavior\ParseTemplateBehavior [ RunTime:0.020003s ]
INFO: [ view_parse ] --END-- [ RunTime:0.020003s ]
INFO: [ view_filter ] --START--
INFO: Run Behavior\WriteHtmlCacheBehavior [ RunTime:0.001000s ]
INFO: [ view_filter ] --END-- [ RunTime:0.001000s ]
INFO: [ app_end ] --START--
INFO: Run Behavior\ShowPageTraceBehavior [ RunTime:0.000500s ]
INFO: [ app_end ] --END-- [ RunTime:0.000500s ]

[ 2016-11-14T20:06:32+08:00 ] 127.0.0.1 /home/huati/%E4%B8%8A%E4%BC%A0%E8%AF%9D%E9%A2%98-%E7%BE%8E%E9%A3%9F%E5%A4%A9%E4%B8%8B_files/get.php
INFO: [ app_init ] --START--
INFO: Run Behavior\BuildLiteBehavior [ RunTime:0.000000s ]
INFO: [ app_init ] --END-- [ RunTime:0.000500s ]
INFO: [ app_begin ] --START--
INFO: Run Behavior\ReadHtmlCacheBehavior [ RunTime:0.000500s ]
INFO: [ app_begin ] --END-- [ RunTime:0.000500s ]
ERR: 非法操作:上传话题-美食天下_files

[ 2016-11-14T20:06:32+08:00 ] 127.0.0.1 /home/huati/%E7%BC%96%E8%BE%91%E4%B8%8A%E4%BC%A0%E8%8F%9C%E8%B0%B1-%E7%BE%8E%E9%A3%9F%E5%A4%A9%E4%B8%8B_files/count.php
INFO: [ app_init ] --START--
INFO: Run Behavior\BuildLiteBehavior [ RunTime:0.000000s ]
INFO: [ app_init ] --END-- [ RunTime:0.000501s ]
INFO: [ app_begin ] --START--
INFO: Run Behavior\ReadHtmlCacheBehavior [ RunTime:0.000500s ]
INFO: [ app_begin ] --END-- [ RunTime:0.000500s ]
ERR: 非法操作:编辑上传菜谱-美食天下_files

[ 2016-11-14T20:06:32+08:00 ] 127.0.0.1 /home/huati/%E4%B8%8A%E4%BC%A0%E8%AF%9D%E9%A2%98-%E7%BE%8E%E9%A3%9F%E5%A4%A9%E4%B8%8B_files/get.php
INFO: [ app_init ] --START--
INFO: Run Behavior\BuildLiteBehavior [ RunTime:0.000000s ]
INFO: [ app_init ] --END-- [ RunTime:0.000000s ]
INFO: [ app_begin ] --START--
INFO: Run Behavior\ReadHtmlCacheBehavior [ RunTime:0.000500s ]
INFO: [ app_begin ] --END-- [ RunTime:0.000500s ]
ERR: 非法操作:上传话题-美食天下_files

[ 2016-11-14T20:06:32+08:00 ] 127.0.0.1 /home/huati/%E7%BC%96%E8%BE%91%E4%B8%8A%E4%BC%A0%E8%8F%9C%E8%B0%B1-%E7%BE%8E%E9%A3%9F%E5%A4%A9%E4%B8%8B_files/count.php
INFO: [ app_init ] --START--
INFO: Run Behavior\BuildLiteBehavior [ RunTime:0.000000s ]
INFO: [ app_init ] --END-- [ RunTime:0.000500s ]
INFO: [ app_begin ] --START--
INFO: Run Behavior\ReadHtmlCacheBehavior [ RunTime:0.000000s ]
INFO: [ app_begin ] --END-- [ RunTime:0.000000s ]
ERR: 非法操作:编辑上传菜谱-美食天下_files

[ 2016-11-14T20:06:33+08:00 ] 127.0.0.1 /home/huati/%E7%BC%96%E8%BE%91%E4%B8%8A%E4%BC%A0%E8%8F%9C%E8%B0%B1-%E7%BE%8E%E9%A3%9F%E5%A4%A9%E4%B8%8B_files/nr2.png
INFO: [ app_init ] --START--
INFO: Run Behavior\BuildLiteBehavior [ RunTime:0.000000s ]
INFO: [ app_init ] --END-- [ RunTime:0.000500s ]

[ 2016-11-14T20:06:33+08:00 ] 127.0.0.1 /home/huati/%E7%BC%96%E8%BE%91%E4%B8%8A%E4%BC%A0%E8%8F%9C%E8%B0%B1-%E7%BE%8E%E9%A3%9F%E5%A4%A9%E4%B8%8B_files/nir2.png
INFO: [ app_init ] --START--
INFO: Run Behavior\BuildLiteBehavior [ RunTime:0.000000s ]
INFO: [ app_init ] --END-- [ RunTime:0.000500s ]

[ 2016-11-14T20:06:33+08:00 ] 127.0.0.1 /home/huati/%E7%BC%96%E8%BE%91%E4%B8%8A%E4%BC%A0%E8%8F%9C%E8%B0%B1-%E7%BE%8E%E9%A3%9F%E5%A4%A9%E4%B8%8B_files/nir3.png
INFO: [ app_init ] --START--
INFO: Run Behavior\BuildLiteBehavior [ RunTime:0.000000s ]
INFO: [ app_init ] --END-- [ RunTime:0.000500s ]

[ 2016-11-14T20:06:33+08:00 ] 127.0.0.1 /home/huati/%E7%BC%96%E8%BE%91%E4%B8%8A%E4%BC%A0%E8%8F%9C%E8%B0%B1-%E7%BE%8E%E9%A3%9F%E5%A4%A9%E4%B8%8B_files/nir1.png
INFO: [ app_init ] --START--
INFO: Run Behavior\BuildLiteBehavior [ RunTime:0.000000s ]
INFO: [ app_init ] --END-- [ RunTime:0.000500s ]

[ 2016-11-14T20:06:33+08:00 ] 127.0.0.1 /index.php/Home/Huati/yzm.html
INFO: [ app_init ] --START--
INFO: Run Behavior\BuildLiteBehavior [ RunTime:0.000000s ]
INFO: [ app_init ] --END-- [ RunTime:0.000500s ]
INFO: [ app_begin ] --START--
INFO: Run Behavior\ReadHtmlCacheBehavior [ RunTime:0.000500s ]
INFO: [ app_begin ] --END-- [ RunTime:0.000500s ]
INFO: [ app_end ] --START--
INFO: Run Behavior\ShowPageTraceBehavior [ RunTime:0.000500s ]
INFO: [ app_end ] --END-- [ RunTime:0.000500s ]

