[ 2016-11-30T15:46:10+08:00 ] 127.0.0.1 /
INFO: [ app_init ] --START--
INFO: Run Behavior\BuildLiteBehavior [ RunTime:0.000000s ]
INFO: [ app_init ] --END-- [ RunTime:0.001000s ]
INFO: [ app_begin ] --START--
INFO: Run Behavior\ReadHtmlCacheBehavior [ RunTime:0.000500s ]
INFO: [ app_begin ] --END-- [ RunTime:0.000500s ]
SQL: SHOW COLUMNS FROM `sc` [ RunTime:0.0085s ]
SQL: SELECT * FROM `sc` WHERE ( parent_sid=0 ) LIMIT 4   [ RunTime:0.0010s ]
SQL: SHOW COLUMNS FROM `slsc` [ RunTime:0.0080s ]
SQL: SELECT * FROM `slsc`  [ RunTime:0.0005s ]
SQL: SHOW COLUMNS FROM `recipecat` [ RunTime:0.0080s ]
SQL: SELECT * FROM `recipecat` WHERE ( parent_cid != 0 ) LIMIT 11   [ RunTime:0.0005s ]
SQL: SELECT * FROM `sc` WHERE ( parent_sid = 0 ) LIMIT 11   [ RunTime:0.0000s ]
SQL: SHOW COLUMNS FROM `huati` [ RunTime:0.0085s ]
SQL: SELECT * FROM `huati` ORDER BY pubtime desc LIMIT 10   [ RunTime:0.0005s ]
SQL: SHOW COLUMNS FROM `htimg` [ RunTime:0.0135s ]
SQL: SELECT `thumb_img` FROM `htimg` WHERE ( htid=12 ) LIMIT 4   [ RunTime:0.0000s ]
SQL: SHOW COLUMNS FROM `htcomm` [ RunTime:0.0075s ]
SQL: SELECT COUNT(*) AS tp_count FROM `htcomm` WHERE ( htid=12 ) LIMIT 1   [ RunTime:0.0005s ]
SQL: SELECT `thumb_img` FROM `htimg` WHERE ( htid=11 ) LIMIT 4   [ RunTime:0.0000s ]
SQL: SELECT COUNT(*) AS tp_count FROM `htcomm` WHERE ( htid=11 ) LIMIT 1   [ RunTime:0.0000s ]
SQL: SELECT `thumb_img` FROM `htimg` WHERE ( htid=1 ) LIMIT 4   [ RunTime:0.0000s ]
SQL: SELECT COUNT(*) AS tp_count FROM `htcomm` WHERE ( htid=1 ) LIMIT 1   [ RunTime:0.0000s ]
INFO: [ view_parse ] --START--
INFO: [ template_filter ] --START--
INFO: Run Behavior\ContentReplaceBehavior [ RunTime:0.001500s ]
INFO: [ template_filter ] --END-- [ RunTime:0.001500s ]
NOTIC: [8] Use of undefined constant cid - assumed 'cid' D:\phpStudy\WWW\pro\meishi\food\Runtime\Cache\Home\0e81cdeb7ee9417f3afdd1181f3c8e12.php 第 115 行.
NOTIC: [8] Use of undefined constant cid - assumed 'cid' D:\phpStudy\WWW\pro\meishi\food\Runtime\Cache\Home\0e81cdeb7ee9417f3afdd1181f3c8e12.php 第 115 行.
NOTIC: [8] Use of undefined constant cid - assumed 'cid' D:\phpStudy\WWW\pro\meishi\food\Runtime\Cache\Home\0e81cdeb7ee9417f3afdd1181f3c8e12.php 第 115 行.
NOTIC: [8] Use of undefined constant cid - assumed 'cid' D:\phpStudy\WWW\pro\meishi\food\Runtime\Cache\Home\0e81cdeb7ee9417f3afdd1181f3c8e12.php 第 115 行.
NOTIC: [8] Use of undefined constant cid - assumed 'cid' D:\phpStudy\WWW\pro\meishi\food\Runtime\Cache\Home\0e81cdeb7ee9417f3afdd1181f3c8e12.php 第 115 行.
NOTIC: [8] Use of undefined constant cid - assumed 'cid' D:\phpStudy\WWW\pro\meishi\food\Runtime\Cache\Home\0e81cdeb7ee9417f3afdd1181f3c8e12.php 第 115 行.
NOTIC: [8] Use of undefined constant cid - assumed 'cid' D:\phpStudy\WWW\pro\meishi\food\Runtime\Cache\Home\0e81cdeb7ee9417f3afdd1181f3c8e12.php 第 115 行.
NOTIC: [8] Use of undefined constant cid - assumed 'cid' D:\phpStudy\WWW\pro\meishi\food\Runtime\Cache\Home\0e81cdeb7ee9417f3afdd1181f3c8e12.php 第 115 行.
NOTIC: [8] Use of undefined constant cid - assumed 'cid' D:\phpStudy\WWW\pro\meishi\food\Runtime\Cache\Home\0e81cdeb7ee9417f3afdd1181f3c8e12.php 第 115 行.
NOTIC: [8] Use of undefined constant cid - assumed 'cid' D:\phpStudy\WWW\pro\meishi\food\Runtime\Cache\Home\0e81cdeb7ee9417f3afdd1181f3c8e12.php 第 115 行.
NOTIC: [8] Use of undefined constant cid - assumed 'cid' D:\phpStudy\WWW\pro\meishi\food\Runtime\Cache\Home\0e81cdeb7ee9417f3afdd1181f3c8e12.php 第 115 行.
INFO: Run Behavior\ParseTemplateBehavior [ RunTime:0.023003s ]
INFO: [ view_parse ] --END-- [ RunTime:0.023003s ]
INFO: [ view_filter ] --START--
INFO: Run Behavior\WriteHtmlCacheBehavior [ RunTime:0.000500s ]
INFO: [ view_filter ] --END-- [ RunTime:0.000500s ]
INFO: [ app_end ] --START--
INFO: Run Behavior\ShowPageTraceBehavior [ RunTime:0.001000s ]
INFO: [ app_end ] --END-- [ RunTime:0.001000s ]

[ 2016-11-30T15:46:14+08:00 ] 127.0.0.1 /index.php/Home/User/login.html
INFO: [ app_init ] --START--
INFO: Run Behavior\BuildLiteBehavior [ RunTime:0.000000s ]
INFO: [ app_init ] --END-- [ RunTime:0.000500s ]
INFO: [ app_begin ] --START--
INFO: Run Behavior\ReadHtmlCacheBehavior [ RunTime:0.001000s ]
INFO: [ app_begin ] --END-- [ RunTime:0.001000s ]
INFO: [ view_parse ] --START--
INFO: [ template_filter ] --START--
INFO: Run Behavior\ContentReplaceBehavior [ RunTime:0.000000s ]
INFO: [ template_filter ] --END-- [ RunTime:0.000000s ]
INFO: Run Behavior\ParseTemplateBehavior [ RunTime:0.010502s ]
INFO: [ view_parse ] --END-- [ RunTime:0.010502s ]
INFO: [ view_filter ] --START--
INFO: Run Behavior\WriteHtmlCacheBehavior [ RunTime:0.000500s ]
INFO: [ view_filter ] --END-- [ RunTime:0.000500s ]
INFO: [ app_end ] --START--
INFO: Run Behavior\ShowPageTraceBehavior [ RunTime:0.001000s ]
INFO: [ app_end ] --END-- [ RunTime:0.001000s ]

[ 2016-11-30T18:56:45+08:00 ] 127.0.0.1 /
INFO: [ app_init ] --START--
INFO: Run Behavior\BuildLiteBehavior [ RunTime:0.000000s ]
INFO: [ app_init ] --END-- [ RunTime:0.000000s ]
INFO: [ app_begin ] --START--
INFO: Run Behavior\ReadHtmlCacheBehavior [ RunTime:0.001000s ]
INFO: [ app_begin ] --END-- [ RunTime:0.001000s ]
SQL: SHOW COLUMNS FROM `sc` [ RunTime:0.0050s ]
SQL: SELECT * FROM `sc` WHERE ( parent_sid=0 ) LIMIT 4   [ RunTime:0.0010s ]
SQL: SHOW COLUMNS FROM `slsc` [ RunTime:0.0050s ]
SQL: SELECT * FROM `slsc`  [ RunTime:0.0000s ]
SQL: SHOW COLUMNS FROM `recipecat` [ RunTime:0.0050s ]
SQL: SELECT * FROM `recipecat` WHERE ( parent_cid != 0 ) LIMIT 11   [ RunTime:0.0000s ]
SQL: SELECT * FROM `sc` WHERE ( parent_sid = 0 ) LIMIT 11   [ RunTime:0.0010s ]
SQL: SHOW COLUMNS FROM `huati` [ RunTime:0.0050s ]
SQL: SELECT * FROM `huati` ORDER BY pubtime desc LIMIT 10   [ RunTime:0.0000s ]
SQL: SHOW COLUMNS FROM `htimg` [ RunTime:0.0060s ]
SQL: SELECT `thumb_img` FROM `htimg` WHERE ( htid=12 ) LIMIT 4   [ RunTime:0.0000s ]
SQL: SHOW COLUMNS FROM `htcomm` [ RunTime:0.0050s ]
SQL: SELECT COUNT(*) AS tp_count FROM `htcomm` WHERE ( htid=12 ) LIMIT 1   [ RunTime:0.0000s ]
SQL: SELECT `thumb_img` FROM `htimg` WHERE ( htid=11 ) LIMIT 4   [ RunTime:0.0000s ]
SQL: SELECT COUNT(*) AS tp_count FROM `htcomm` WHERE ( htid=11 ) LIMIT 1   [ RunTime:0.0010s ]
SQL: SELECT `thumb_img` FROM `htimg` WHERE ( htid=1 ) LIMIT 4   [ RunTime:0.0000s ]
SQL: SELECT COUNT(*) AS tp_count FROM `htcomm` WHERE ( htid=1 ) LIMIT 1   [ RunTime:0.0000s ]
INFO: [ view_parse ] --START--
INFO: [ template_filter ] --START--
INFO: Run Behavior\ContentReplaceBehavior [ RunTime:0.000000s ]
INFO: [ template_filter ] --END-- [ RunTime:0.000000s ]
NOTIC: [8] Use of undefined constant cid - assumed 'cid' D:\phpStudy\WWW\pro\meishi\food\Runtime\Cache\Home\0e81cdeb7ee9417f3afdd1181f3c8e12.php 第 115 行.
NOTIC: [8] Use of undefined constant cid - assumed 'cid' D:\phpStudy\WWW\pro\meishi\food\Runtime\Cache\Home\0e81cdeb7ee9417f3afdd1181f3c8e12.php 第 115 行.
NOTIC: [8] Use of undefined constant cid - assumed 'cid' D:\phpStudy\WWW\pro\meishi\food\Runtime\Cache\Home\0e81cdeb7ee9417f3afdd1181f3c8e12.php 第 115 行.
NOTIC: [8] Use of undefined constant cid - assumed 'cid' D:\phpStudy\WWW\pro\meishi\food\Runtime\Cache\Home\0e81cdeb7ee9417f3afdd1181f3c8e12.php 第 115 行.
NOTIC: [8] Use of undefined constant cid - assumed 'cid' D:\phpStudy\WWW\pro\meishi\food\Runtime\Cache\Home\0e81cdeb7ee9417f3afdd1181f3c8e12.php 第 115 行.
NOTIC: [8] Use of undefined constant cid - assumed 'cid' D:\phpStudy\WWW\pro\meishi\food\Runtime\Cache\Home\0e81cdeb7ee9417f3afdd1181f3c8e12.php 第 115 行.
NOTIC: [8] Use of undefined constant cid - assumed 'cid' D:\phpStudy\WWW\pro\meishi\food\Runtime\Cache\Home\0e81cdeb7ee9417f3afdd1181f3c8e12.php 第 115 行.
NOTIC: [8] Use of undefined constant cid - assumed 'cid' D:\phpStudy\WWW\pro\meishi\food\Runtime\Cache\Home\0e81cdeb7ee9417f3afdd1181f3c8e12.php 第 115 行.
NOTIC: [8] Use of undefined constant cid - assumed 'cid' D:\phpStudy\WWW\pro\meishi\food\Runtime\Cache\Home\0e81cdeb7ee9417f3afdd1181f3c8e12.php 第 115 行.
NOTIC: [8] Use of undefined constant cid - assumed 'cid' D:\phpStudy\WWW\pro\meishi\food\Runtime\Cache\Home\0e81cdeb7ee9417f3afdd1181f3c8e12.php 第 115 行.
NOTIC: [8] Use of undefined constant cid - assumed 'cid' D:\phpStudy\WWW\pro\meishi\food\Runtime\Cache\Home\0e81cdeb7ee9417f3afdd1181f3c8e12.php 第 115 行.
INFO: Run Behavior\ParseTemplateBehavior [ RunTime:0.016000s ]
INFO: [ view_parse ] --END-- [ RunTime:0.017000s ]
INFO: [ view_filter ] --START--
INFO: Run Behavior\WriteHtmlCacheBehavior [ RunTime:0.000000s ]
INFO: [ view_filter ] --END-- [ RunTime:0.000000s ]
INFO: [ app_end ] --START--
INFO: Run Behavior\ShowPageTraceBehavior [ RunTime:0.001000s ]
INFO: [ app_end ] --END-- [ RunTime:0.001000s ]

[ 2016-11-30T18:56:47+08:00 ] 127.0.0.1 /index.php/Home/User/login.html
INFO: [ app_init ] --START--
INFO: Run Behavior\BuildLiteBehavior [ RunTime:0.000000s ]
INFO: [ app_init ] --END-- [ RunTime:0.001000s ]
INFO: [ app_begin ] --START--
INFO: Run Behavior\ReadHtmlCacheBehavior [ RunTime:0.001000s ]
INFO: [ app_begin ] --END-- [ RunTime:0.001000s ]
INFO: [ view_parse ] --START--
INFO: [ template_filter ] --START--
INFO: Run Behavior\ContentReplaceBehavior [ RunTime:0.000000s ]
INFO: [ template_filter ] --END-- [ RunTime:0.000000s ]
INFO: Run Behavior\ParseTemplateBehavior [ RunTime:0.012001s ]
INFO: [ view_parse ] --END-- [ RunTime:0.012001s ]
INFO: [ view_filter ] --START--
INFO: Run Behavior\WriteHtmlCacheBehavior [ RunTime:0.000000s ]
INFO: [ view_filter ] --END-- [ RunTime:0.000000s ]
INFO: [ app_end ] --START--
INFO: Run Behavior\ShowPageTraceBehavior [ RunTime:0.001000s ]
INFO: [ app_end ] --END-- [ RunTime:0.001000s ]

