[ 2016-11-10T21:19:02+08:00 ] 127.0.0.1 /favicon.ico
INFO: [ app_init ] --START--
INFO: Run Behavior\BuildLiteBehavior [ RunTime:0.000000s ]
INFO: [ app_init ] --END-- [ RunTime:0.000000s ]
ERR: 无法加载模块:Favicon

[ 2016-11-10T21:20:06+08:00 ] 127.0.0.1 /ajax/ajax.php?ac=commondata&op=get_common_data_num&id=724839&type=pai
INFO: [ app_init ] --START--
INFO: Run Behavior\BuildLiteBehavior [ RunTime:0.000000s ]
INFO: [ app_init ] --END-- [ RunTime:0.001001s ]
ERR: 无法加载模块:Ajax

[ 2016-11-10T21:20:20+08:00 ] 127.0.0.1 /ajax/ajax.php?ac=commondata&op=get_common_data_num&id=724625&type=pai
INFO: [ app_init ] --START--
INFO: Run Behavior\BuildLiteBehavior [ RunTime:0.000000s ]
INFO: [ app_init ] --END-- [ RunTime:0.001000s ]
ERR: 无法加载模块:Ajax

[ 2016-11-10T21:20:20+08:00 ] 127.0.0.1 /ajax/ajax.php?ac=commondata&op=get_common_data_num&id=724839&type=pai
INFO: [ app_init ] --START--
INFO: Run Behavior\BuildLiteBehavior [ RunTime:0.000000s ]
INFO: [ app_init ] --END-- [ RunTime:0.001001s ]
ERR: 无法加载模块:Ajax

[ 2016-11-10T21:20:26+08:00 ] 127.0.0.1 /ajax/ajax.php?ac=commondata&op=get_common_data_num&id=724839&type=pai
INFO: [ app_init ] --START--
INFO: Run Behavior\BuildLiteBehavior [ RunTime:0.000000s ]
INFO: [ app_init ] --END-- [ RunTime:0.001000s ]
ERR: 无法加载模块:Ajax

[ 2016-11-10T21:20:28+08:00 ] 127.0.0.1 /ajax/ajax.php?ac=commondata&op=get_common_data_num&id=724625&type=pai
INFO: [ app_init ] --START--
INFO: Run Behavior\BuildLiteBehavior [ RunTime:0.000000s ]
INFO: [ app_init ] --END-- [ RunTime:0.001000s ]
ERR: 无法加载模块:Ajax

[ 2016-11-10T21:20:29+08:00 ] 127.0.0.1 /ajax/ajax.php?ac=commondata&op=get_common_data_num&id=724839&type=pai
INFO: [ app_init ] --START--
INFO: Run Behavior\BuildLiteBehavior [ RunTime:0.000000s ]
INFO: [ app_init ] --END-- [ RunTime:0.001000s ]
ERR: 无法加载模块:Ajax

[ 2016-11-10T21:20:51+08:00 ] 127.0.0.1 /ajax/ajax.php?ac=commondata&op=get_common_data_num&id=724839&type=pai
INFO: [ app_init ] --START--
INFO: Run Behavior\BuildLiteBehavior [ RunTime:0.000000s ]
INFO: [ app_init ] --END-- [ RunTime:0.000000s ]
ERR: 无法加载模块:Ajax

[ 2016-11-10T21:20:57+08:00 ] 127.0.0.1 /ajax/ajax.php?ac=commondata&op=get_common_data_num&id=724839&type=pai
INFO: [ app_init ] --START--
INFO: Run Behavior\BuildLiteBehavior [ RunTime:0.000000s ]
INFO: [ app_init ] --END-- [ RunTime:0.000000s ]
ERR: 无法加载模块:Ajax

[ 2016-11-10T21:21:12+08:00 ] 127.0.0.1 /ajax/ajax.php?ac=commondata&op=get_common_data_num&id=724839&type=pai
INFO: [ app_init ] --START--
INFO: Run Behavior\BuildLiteBehavior [ RunTime:0.000000s ]
INFO: [ app_init ] --END-- [ RunTime:0.001000s ]
ERR: 无法加载模块:Ajax

[ 2016-11-10T21:21:27+08:00 ] 127.0.0.1 /ajax/ajax.php?ac=commondata&op=get_common_data_num&id=724340&type=pai
INFO: [ app_init ] --START--
INFO: Run Behavior\BuildLiteBehavior [ RunTime:0.000000s ]
INFO: [ app_init ] --END-- [ RunTime:0.001000s ]
ERR: 无法加载模块:Ajax

[ 2016-11-10T21:21:29+08:00 ] 127.0.0.1 /ajax/ajax.php?ac=commondata&op=get_common_data_num&id=724340&type=pai
INFO: [ app_init ] --START--
INFO: Run Behavior\BuildLiteBehavior [ RunTime:0.000000s ]
INFO: [ app_init ] --END-- [ RunTime:0.001000s ]
ERR: 无法加载模块:Ajax

[ 2016-11-10T21:27:04+08:00 ] 127.0.0.1 /ajax/ajax.php?ac=commondata&op=get_common_data_num&id=724839&type=pai
INFO: [ app_init ] --START--
INFO: Run Behavior\BuildLiteBehavior [ RunTime:0.000000s ]
INFO: [ app_init ] --END-- [ RunTime:0.001000s ]
ERR: 无法加载模块:Ajax

[ 2016-11-10T21:27:08+08:00 ] 127.0.0.1 /ajax/ajax.php?ac=commondata&op=get_common_data_num&id=724246&type=pai
INFO: [ app_init ] --START--
INFO: Run Behavior\BuildLiteBehavior [ RunTime:0.000000s ]
INFO: [ app_init ] --END-- [ RunTime:0.001000s ]
ERR: 无法加载模块:Ajax

[ 2016-11-10T21:27:08+08:00 ] 127.0.0.1 /ajax/ajax.php?ac=commondata&op=get_common_data_num&id=724825&type=pai
INFO: [ app_init ] --START--
INFO: Run Behavior\BuildLiteBehavior [ RunTime:0.000000s ]
INFO: [ app_init ] --END-- [ RunTime:0.001000s ]
ERR: 无法加载模块:Ajax

[ 2016-11-10T21:27:09+08:00 ] 127.0.0.1 /ajax/ajax.php?ac=commondata&op=get_common_data_num&id=724842&type=pai
INFO: [ app_init ] --START--
INFO: Run Behavior\BuildLiteBehavior [ RunTime:0.000000s ]
INFO: [ app_init ] --END-- [ RunTime:0.000000s ]
ERR: 无法加载模块:Ajax

[ 2016-11-10T21:27:10+08:00 ] 127.0.0.1 /ajax/ajax.php?ac=commondata&op=get_common_data_num&id=724778&type=pai
INFO: [ app_init ] --START--
INFO: Run Behavior\BuildLiteBehavior [ RunTime:0.000000s ]
INFO: [ app_init ] --END-- [ RunTime:0.001000s ]
ERR: 无法加载模块:Ajax

[ 2016-11-10T21:27:10+08:00 ] 127.0.0.1 /ajax/ajax.php?ac=commondata&op=get_common_data_num&id=724340&type=pai
INFO: [ app_init ] --START--
INFO: Run Behavior\BuildLiteBehavior [ RunTime:0.000000s ]
INFO: [ app_init ] --END-- [ RunTime:0.001000s ]
ERR: 无法加载模块:Ajax

[ 2016-11-10T21:27:10+08:00 ] 127.0.0.1 /ajax/ajax.php?ac=commondata&op=get_common_data_num&id=724625&type=pai
INFO: [ app_init ] --START--
INFO: Run Behavior\BuildLiteBehavior [ RunTime:0.000000s ]
INFO: [ app_init ] --END-- [ RunTime:0.000000s ]
ERR: 无法加载模块:Ajax

[ 2016-11-10T21:27:11+08:00 ] 127.0.0.1 /ajax/ajax.php?ac=commondata&op=get_common_data_num&id=724839&type=pai
INFO: [ app_init ] --START--
INFO: Run Behavior\BuildLiteBehavior [ RunTime:0.000000s ]
INFO: [ app_init ] --END-- [ RunTime:0.001000s ]
ERR: 无法加载模块:Ajax

[ 2016-11-10T21:33:03+08:00 ] 127.0.0.1 /ajax/ajax.php?ac=commondata&op=get_common_data_num&id=724340&type=pai
INFO: [ app_init ] --START--
INFO: Run Behavior\BuildLiteBehavior [ RunTime:0.001000s ]
INFO: [ app_init ] --END-- [ RunTime:0.001000s ]
ERR: 无法加载模块:Ajax

[ 2016-11-10T21:33:05+08:00 ] 127.0.0.1 /ajax/ajax.php?ac=commondata&op=get_common_data_num&id=724340&type=pai
INFO: [ app_init ] --START--
INFO: Run Behavior\BuildLiteBehavior [ RunTime:0.000000s ]
INFO: [ app_init ] --END-- [ RunTime:0.000000s ]
ERR: 无法加载模块:Ajax

[ 2016-11-10T21:35:46+08:00 ] 127.0.0.1 /ajax/ajax.php?ac=commondata&op=get_common_data_num&id=724839&type=pai
INFO: [ app_init ] --START--
INFO: Run Behavior\BuildLiteBehavior [ RunTime:0.000000s ]
INFO: [ app_init ] --END-- [ RunTime:0.001000s ]
ERR: 无法加载模块:Ajax

[ 2016-11-10T21:37:01+08:00 ] 127.0.0.1 /ajax/ajax.php?ac=commondata&op=get_common_data_num&id=724625&type=pai
INFO: [ app_init ] --START--
INFO: Run Behavior\BuildLiteBehavior [ RunTime:0.000000s ]
INFO: [ app_init ] --END-- [ RunTime:0.001000s ]
ERR: 无法加载模块:Ajax

[ 2016-11-10T21:37:15+08:00 ] 127.0.0.1 /ajax/ajax.php?ac=commondata&op=get_common_data_num&id=724340&type=pai
INFO: [ app_init ] --START--
INFO: Run Behavior\BuildLiteBehavior [ RunTime:0.000000s ]
INFO: [ app_init ] --END-- [ RunTime:0.001000s ]
ERR: 无法加载模块:Ajax

[ 2016-11-10T21:37:27+08:00 ] 127.0.0.1 /ajax/ajax.php?ac=commondata&op=get_common_data_num&id=724839&type=pai
INFO: [ app_init ] --START--
INFO: Run Behavior\BuildLiteBehavior [ RunTime:0.000000s ]
INFO: [ app_init ] --END-- [ RunTime:0.001000s ]
ERR: 无法加载模块:Ajax

[ 2016-11-10T21:37:28+08:00 ] 127.0.0.1 /ajax/ajax.php?ac=commondata&op=get_common_data_num&id=724625&type=pai
INFO: [ app_init ] --START--
INFO: Run Behavior\BuildLiteBehavior [ RunTime:0.000000s ]
INFO: [ app_init ] --END-- [ RunTime:0.001000s ]
ERR: 无法加载模块:Ajax

[ 2016-11-10T21:38:02+08:00 ] 127.0.0.1 /ajax/ajax.php?ac=commondata&op=get_common_data_num&id=724340&type=pai
INFO: [ app_init ] --START--
INFO: Run Behavior\BuildLiteBehavior [ RunTime:0.000000s ]
INFO: [ app_init ] --END-- [ RunTime:0.000000s ]
ERR: 无法加载模块:Ajax

[ 2016-11-10T21:38:04+08:00 ] 127.0.0.1 /ajax/ajax.php?ac=commondata&op=get_common_data_num&id=724340&type=pai
INFO: [ app_init ] --START--
INFO: Run Behavior\BuildLiteBehavior [ RunTime:0.000000s ]
INFO: [ app_init ] --END-- [ RunTime:0.000000s ]
ERR: 无法加载模块:Ajax

