[ 2016-11-13T14:59:38+08:00 ] 127.0.0.1 /favicon.ico
INFO: [ app_init ] --START--
INFO: Run Behavior\BuildLiteBehavior [ RunTime:0.000000s ]
INFO: [ app_init ] --END-- [ RunTime:0.001000s ]
ERR: 无法加载模块:Favicon

[ 2016-11-13T15:01:19+08:00 ] 127.0.0.1 /ajax/ajax.php?ac=commondata&op=get_common_data_num&id=724839&type=pai
INFO: [ app_init ] --START--
INFO: Run Behavior\BuildLiteBehavior [ RunTime:0.000000s ]
INFO: [ app_init ] --END-- [ RunTime:0.001000s ]
ERR: 无法加载模块:Ajax

[ 2016-11-13T15:01:19+08:00 ] 127.0.0.1 /ajax/ajax.php?ac=commondata&op=get_common_data_num&id=724839&type=pai
INFO: [ app_init ] --START--
INFO: Run Behavior\BuildLiteBehavior [ RunTime:0.000000s ]
INFO: [ app_init ] --END-- [ RunTime:0.000000s ]
ERR: 无法加载模块:Ajax

[ 2016-11-13T15:01:21+08:00 ] 127.0.0.1 /ajax/ajax.php?ac=commondata&op=get_common_data_num&id=724839&type=pai
INFO: [ app_init ] --START--
INFO: Run Behavior\BuildLiteBehavior [ RunTime:0.000000s ]
INFO: [ app_init ] --END-- [ RunTime:0.000000s ]
ERR: 无法加载模块:Ajax

[ 2016-11-13T15:01:22+08:00 ] 127.0.0.1 /ajax/ajax.php?ac=commondata&op=get_common_data_num&id=724839&type=pai
INFO: [ app_init ] --START--
INFO: Run Behavior\BuildLiteBehavior [ RunTime:0.000000s ]
INFO: [ app_init ] --END-- [ RunTime:0.001000s ]
ERR: 无法加载模块:Ajax

[ 2016-11-13T15:01:22+08:00 ] 127.0.0.1 /ajax/ajax.php?ac=commondata&op=get_common_data_num&id=724839&type=pai
INFO: [ app_init ] --START--
INFO: Run Behavior\BuildLiteBehavior [ RunTime:0.000000s ]
INFO: [ app_init ] --END-- [ RunTime:0.000000s ]
ERR: 无法加载模块:Ajax

[ 2016-11-13T15:01:23+08:00 ] 127.0.0.1 /ajax/ajax.php?ac=commondata&op=get_common_data_num&id=724839&type=pai
INFO: [ app_init ] --START--
INFO: Run Behavior\BuildLiteBehavior [ RunTime:0.000000s ]
INFO: [ app_init ] --END-- [ RunTime:0.000000s ]
ERR: 无法加载模块:Ajax

