[ 2016-11-18T18:36:16+08:00 ] 127.0.0.1 /favicon.ico
INFO: [ app_init ] --START--
INFO: Run Behavior\BuildLiteBehavior [ RunTime:0.000000s ]
INFO: [ app_init ] --END-- [ RunTime:0.000500s ]
ERR: 无法加载模块:Favicon

[ 2016-11-18T18:36:30+08:00 ] 127.0.0.1 /ajax/ajax.php?ac=commondata&op=get_common_data_num&id=724839&type=pai
INFO: [ app_init ] --START--
INFO: Run Behavior\BuildLiteBehavior [ RunTime:0.000000s ]
INFO: [ app_init ] --END-- [ RunTime:0.001000s ]
ERR: 无法加载模块:Ajax

[ 2016-11-18T18:36:30+08:00 ] 127.0.0.1 /ajax/ajax.php?ac=commondata&op=get_common_data_num&id=724839&type=pai
INFO: [ app_init ] --START--
INFO: Run Behavior\BuildLiteBehavior [ RunTime:0.000000s ]
INFO: [ app_init ] --END-- [ RunTime:0.000500s ]
ERR: 无法加载模块:Ajax

[ 2016-11-18T18:36:31+08:00 ] 127.0.0.1 /ajax/ajax.php?ac=commondata&op=get_common_data_num&id=724625&type=pai
INFO: [ app_init ] --START--
INFO: Run Behavior\BuildLiteBehavior [ RunTime:0.000000s ]
INFO: [ app_init ] --END-- [ RunTime:0.000000s ]
ERR: 无法加载模块:Ajax

[ 2016-11-18T18:36:31+08:00 ] 127.0.0.1 /ajax/ajax.php?ac=commondata&op=get_common_data_num&id=724340&type=pai
INFO: [ app_init ] --START--
INFO: Run Behavior\BuildLiteBehavior [ RunTime:0.000000s ]
INFO: [ app_init ] --END-- [ RunTime:0.000000s ]
ERR: 无法加载模块:Ajax

[ 2016-11-18T18:36:32+08:00 ] 127.0.0.1 /ajax/ajax.php?ac=commondata&op=get_common_data_num&id=724839&type=pai
INFO: [ app_init ] --START--
INFO: Run Behavior\BuildLiteBehavior [ RunTime:0.000000s ]
INFO: [ app_init ] --END-- [ RunTime:0.001000s ]
ERR: 无法加载模块:Ajax

[ 2016-11-18T18:36:33+08:00 ] 127.0.0.1 /ajax/ajax.php?ac=commondata&op=get_common_data_num&id=724839&type=pai
INFO: [ app_init ] --START--
INFO: Run Behavior\BuildLiteBehavior [ RunTime:0.000000s ]
INFO: [ app_init ] --END-- [ RunTime:0.000500s ]
ERR: 无法加载模块:Ajax

