[ 2016-11-12T00:45:15+08:00 ] 127.0.0.1 /Public/Home/images/ios.png
INFO: [ app_init ] --START--
INFO: Run Behavior\BuildLiteBehavior [ RunTime:0.000000s ]
INFO: [ app_init ] --END-- [ RunTime:0.000000s ]

[ 2016-11-12T09:19:53+08:00 ] 127.0.0.1 /public/Home/Upload/2016-11-09/5822840fa4055.jpg
INFO: [ app_init ] --START--
INFO: Run Behavior\BuildLiteBehavior [ RunTime:0.001000s ]
INFO: [ app_init ] --END-- [ RunTime:0.001000s ]

[ 2016-11-12T09:19:53+08:00 ] 127.0.0.1 /public/Home/Upload/2016-11-09/5822855f02331.jpg
INFO: [ app_init ] --START--
INFO: Run Behavior\BuildLiteBehavior [ RunTime:0.000000s ]
INFO: [ app_init ] --END-- [ RunTime:0.000000s ]

[ 2016-11-12T09:19:53+08:00 ] 127.0.0.1 /public/Home/Upload/2016-11-09/5822857751a40.jpg
INFO: [ app_init ] --START--
INFO: Run Behavior\BuildLiteBehavior [ RunTime:0.000000s ]
INFO: [ app_init ] --END-- [ RunTime:0.000000s ]

[ 2016-11-12T09:19:53+08:00 ] 127.0.0.1 /public/Home/Upload/2016-11-09/582285a4c11d8.jpg
INFO: [ app_init ] --START--
INFO: Run Behavior\BuildLiteBehavior [ RunTime:0.000000s ]
INFO: [ app_init ] --END-- [ RunTime:0.000000s ]

[ 2016-11-12T09:19:53+08:00 ] 127.0.0.1 /public/Home/Upload/2016-11-09/582285bc68d28.jpg
INFO: [ app_init ] --START--
INFO: Run Behavior\BuildLiteBehavior [ RunTime:0.000000s ]
INFO: [ app_init ] --END-- [ RunTime:0.001000s ]

[ 2016-11-12T09:19:53+08:00 ] 127.0.0.1 /public/Home/Upload/2016-11-09/582285ff530d3.jpg
INFO: [ app_init ] --START--
INFO: Run Behavior\BuildLiteBehavior [ RunTime:0.000000s ]
INFO: [ app_init ] --END-- [ RunTime:0.001000s ]

[ 2016-11-12T09:19:53+08:00 ] 127.0.0.1 /public/Home/Upload/2016-11-09/58228648dec03.jpg
INFO: [ app_init ] --START--
INFO: Run Behavior\BuildLiteBehavior [ RunTime:0.000000s ]
INFO: [ app_init ] --END-- [ RunTime:0.000000s ]

[ 2016-11-12T09:19:53+08:00 ] 127.0.0.1 /public/Home/Upload/2016-11-09/582286695d525.jpg
INFO: [ app_init ] --START--
INFO: Run Behavior\BuildLiteBehavior [ RunTime:0.000000s ]
INFO: [ app_init ] --END-- [ RunTime:0.000000s ]

[ 2016-11-12T09:19:53+08:00 ] 127.0.0.1 /public/Home/Upload/2016-11-09/582286b288176.jpg
INFO: [ app_init ] --START--
INFO: Run Behavior\BuildLiteBehavior [ RunTime:0.000000s ]
INFO: [ app_init ] --END-- [ RunTime:0.000000s ]

[ 2016-11-12T09:19:54+08:00 ] 127.0.0.1 /public/Home/Upload/2016-11-09/582284900f6c4.jpg
INFO: [ app_init ] --START--
INFO: Run Behavior\BuildLiteBehavior [ RunTime:0.000000s ]
INFO: [ app_init ] --END-- [ RunTime:0.001000s ]

[ 2016-11-12T09:19:54+08:00 ] 127.0.0.1 /public/Home/Upload/2016-11-09/582285186c25d.jpg
INFO: [ app_init ] --START--
INFO: Run Behavior\BuildLiteBehavior [ RunTime:0.000000s ]
INFO: [ app_init ] --END-- [ RunTime:0.000000s ]

[ 2016-11-12T09:19:54+08:00 ] 127.0.0.1 /public/Home/Upload/2016-11-09/582284bf0805b.jpg
INFO: [ app_init ] --START--
INFO: Run Behavior\BuildLiteBehavior [ RunTime:0.000000s ]
INFO: [ app_init ] --END-- [ RunTime:0.000000s ]

[ 2016-11-12T09:19:54+08:00 ] 127.0.0.1 /public/Home/Upload/2016-11-09/5822853f37777.jpg
INFO: [ app_init ] --START--
INFO: Run Behavior\BuildLiteBehavior [ RunTime:0.000000s ]
INFO: [ app_init ] --END-- [ RunTime:0.000000s ]

[ 2016-11-12T09:19:54+08:00 ] 127.0.0.1 /public/Home/Upload/2016-11-09/582284f7b1456.jpg
INFO: [ app_init ] --START--
INFO: Run Behavior\BuildLiteBehavior [ RunTime:0.000000s ]
INFO: [ app_init ] --END-- [ RunTime:0.000000s ]

[ 2016-11-12T09:20:03+08:00 ] 127.0.0.1 /public/Home/Upload/2016-11-09/582284900f6c4.jpg
INFO: [ app_init ] --START--
INFO: Run Behavior\BuildLiteBehavior [ RunTime:0.000000s ]
INFO: [ app_init ] --END-- [ RunTime:0.001000s ]

[ 2016-11-12T09:20:03+08:00 ] 127.0.0.1 /public/Home/Upload/2016-11-09/582285186c25d.jpg
INFO: [ app_init ] --START--
INFO: Run Behavior\BuildLiteBehavior [ RunTime:0.000000s ]
INFO: [ app_init ] --END-- [ RunTime:0.000000s ]

[ 2016-11-12T09:20:03+08:00 ] 127.0.0.1 /public/Home/Upload/2016-11-09/582284bf0805b.jpg
INFO: [ app_init ] --START--
INFO: Run Behavior\BuildLiteBehavior [ RunTime:0.000000s ]
INFO: [ app_init ] --END-- [ RunTime:0.001000s ]

[ 2016-11-12T09:20:03+08:00 ] 127.0.0.1 /public/Home/Upload/2016-11-09/5822840fa4055.jpg
INFO: [ app_init ] --START--
INFO: Run Behavior\BuildLiteBehavior [ RunTime:0.000000s ]
INFO: [ app_init ] --END-- [ RunTime:0.001000s ]

[ 2016-11-12T09:20:03+08:00 ] 127.0.0.1 /public/Home/Upload/2016-11-09/5822855f02331.jpg
INFO: [ app_init ] --START--
INFO: Run Behavior\BuildLiteBehavior [ RunTime:0.000000s ]
INFO: [ app_init ] --END-- [ RunTime:0.000000s ]

[ 2016-11-12T09:20:03+08:00 ] 127.0.0.1 /public/Home/Upload/2016-11-09/582284f7b1456.jpg
INFO: [ app_init ] --START--
INFO: Run Behavior\BuildLiteBehavior [ RunTime:0.000000s ]
INFO: [ app_init ] --END-- [ RunTime:0.000000s ]

[ 2016-11-12T09:20:03+08:00 ] 127.0.0.1 /public/Home/Upload/2016-11-09/582285a4c11d8.jpg
INFO: [ app_init ] --START--
INFO: Run Behavior\BuildLiteBehavior [ RunTime:0.000000s ]
INFO: [ app_init ] --END-- [ RunTime:0.000000s ]

[ 2016-11-12T09:20:03+08:00 ] 127.0.0.1 /public/Home/Upload/2016-11-09/582285bc68d28.jpg
INFO: [ app_init ] --START--
INFO: Run Behavior\BuildLiteBehavior [ RunTime:0.000000s ]
INFO: [ app_init ] --END-- [ RunTime:0.001000s ]

[ 2016-11-12T09:20:03+08:00 ] 127.0.0.1 /public/Home/Upload/2016-11-09/5822857751a40.jpg
INFO: [ app_init ] --START--
INFO: Run Behavior\BuildLiteBehavior [ RunTime:0.000000s ]
INFO: [ app_init ] --END-- [ RunTime:0.000000s ]

[ 2016-11-12T09:20:03+08:00 ] 127.0.0.1 /public/Home/Upload/2016-11-09/582285ff530d3.jpg
INFO: [ app_init ] --START--
INFO: Run Behavior\BuildLiteBehavior [ RunTime:0.000000s ]
INFO: [ app_init ] --END-- [ RunTime:0.000000s ]

[ 2016-11-12T09:20:03+08:00 ] 127.0.0.1 /public/Home/Upload/2016-11-09/58228648dec03.jpg
INFO: [ app_init ] --START--
INFO: Run Behavior\BuildLiteBehavior [ RunTime:0.000000s ]
INFO: [ app_init ] --END-- [ RunTime:0.000000s ]

[ 2016-11-12T09:20:03+08:00 ] 127.0.0.1 /public/Home/Upload/2016-11-09/582286b288176.jpg
INFO: [ app_init ] --START--
INFO: Run Behavior\BuildLiteBehavior [ RunTime:0.000000s ]
INFO: [ app_init ] --END-- [ RunTime:0.001000s ]

[ 2016-11-12T09:20:03+08:00 ] 127.0.0.1 /public/Home/Upload/2016-11-09/582286695d525.jpg
INFO: [ app_init ] --START--
INFO: Run Behavior\BuildLiteBehavior [ RunTime:0.000000s ]
INFO: [ app_init ] --END-- [ RunTime:0.000000s ]

[ 2016-11-12T09:20:04+08:00 ] 127.0.0.1 /public/Home/Upload/2016-11-09/5822853f37777.jpg
INFO: [ app_init ] --START--
INFO: Run Behavior\BuildLiteBehavior [ RunTime:0.000000s ]
INFO: [ app_init ] --END-- [ RunTime:0.000000s ]

[ 2016-11-12T09:20:55+08:00 ] 127.0.0.1 /public/Home/Upload/2016-11-09/582284bf0805b.jpg
INFO: [ app_init ] --START--
INFO: Run Behavior\BuildLiteBehavior [ RunTime:0.000000s ]
INFO: [ app_init ] --END-- [ RunTime:0.001000s ]

[ 2016-11-12T09:20:55+08:00 ] 127.0.0.1 /public/Home/Upload/2016-11-09/582284f7b1456.jpg
INFO: [ app_init ] --START--
INFO: Run Behavior\BuildLiteBehavior [ RunTime:0.000000s ]
INFO: [ app_init ] --END-- [ RunTime:0.000000s ]

[ 2016-11-12T09:20:55+08:00 ] 127.0.0.1 /public/Home/Upload/2016-11-09/5822840fa4055.jpg
INFO: [ app_init ] --START--
INFO: Run Behavior\BuildLiteBehavior [ RunTime:0.000000s ]
INFO: [ app_init ] --END-- [ RunTime:0.001000s ]

[ 2016-11-12T09:20:55+08:00 ] 127.0.0.1 /public/Home/Upload/2016-11-09/582284900f6c4.jpg
INFO: [ app_init ] --START--
INFO: Run Behavior\BuildLiteBehavior [ RunTime:0.000000s ]
INFO: [ app_init ] --END-- [ RunTime:0.001000s ]

[ 2016-11-12T09:20:55+08:00 ] 127.0.0.1 /public/Home/Upload/2016-11-09/5822853f37777.jpg
INFO: [ app_init ] --START--
INFO: Run Behavior\BuildLiteBehavior [ RunTime:0.000000s ]
INFO: [ app_init ] --END-- [ RunTime:0.001000s ]

[ 2016-11-12T09:20:55+08:00 ] 127.0.0.1 /public/Home/Upload/2016-11-09/5822855f02331.jpg
INFO: [ app_init ] --START--
INFO: Run Behavior\BuildLiteBehavior [ RunTime:0.000000s ]
INFO: [ app_init ] --END-- [ RunTime:0.000000s ]

[ 2016-11-12T09:20:55+08:00 ] 127.0.0.1 /public/Home/Upload/2016-11-09/5822857751a40.jpg
INFO: [ app_init ] --START--
INFO: Run Behavior\BuildLiteBehavior [ RunTime:0.000000s ]
INFO: [ app_init ] --END-- [ RunTime:0.001000s ]

[ 2016-11-12T09:20:55+08:00 ] 127.0.0.1 /public/Home/Upload/2016-11-09/582285bc68d28.jpg
INFO: [ app_init ] --START--
INFO: Run Behavior\BuildLiteBehavior [ RunTime:0.000000s ]
INFO: [ app_init ] --END-- [ RunTime:0.000000s ]

[ 2016-11-12T09:20:55+08:00 ] 127.0.0.1 /public/Home/Upload/2016-11-09/582285186c25d.jpg
INFO: [ app_init ] --START--
INFO: Run Behavior\BuildLiteBehavior [ RunTime:0.000000s ]
INFO: [ app_init ] --END-- [ RunTime:0.001000s ]

[ 2016-11-12T09:20:55+08:00 ] 127.0.0.1 /public/Home/Upload/2016-11-09/582285a4c11d8.jpg
INFO: [ app_init ] --START--
INFO: Run Behavior\BuildLiteBehavior [ RunTime:0.000000s ]
INFO: [ app_init ] --END-- [ RunTime:0.001000s ]

[ 2016-11-12T09:20:55+08:00 ] 127.0.0.1 /public/Home/Upload/2016-11-09/58228648dec03.jpg
INFO: [ app_init ] --START--
INFO: Run Behavior\BuildLiteBehavior [ RunTime:0.000000s ]
INFO: [ app_init ] --END-- [ RunTime:0.001000s ]

[ 2016-11-12T09:20:55+08:00 ] 127.0.0.1 /public/Home/Upload/2016-11-09/582286695d525.jpg
INFO: [ app_init ] --START--
INFO: Run Behavior\BuildLiteBehavior [ RunTime:0.000000s ]
INFO: [ app_init ] --END-- [ RunTime:0.001000s ]

[ 2016-11-12T09:20:55+08:00 ] 127.0.0.1 /public/Home/Upload/2016-11-09/582286b288176.jpg
INFO: [ app_init ] --START--
INFO: Run Behavior\BuildLiteBehavior [ RunTime:0.000000s ]
INFO: [ app_init ] --END-- [ RunTime:0.001000s ]

[ 2016-11-12T09:20:56+08:00 ] 127.0.0.1 /public/Home/Upload/2016-11-09/582285ff530d3.jpg
INFO: [ app_init ] --START--
INFO: Run Behavior\BuildLiteBehavior [ RunTime:0.000000s ]
INFO: [ app_init ] --END-- [ RunTime:0.000000s ]

[ 2016-11-12T09:23:05+08:00 ] 127.0.0.1 /public/Home/Upload/2016-11-09/582284bf0805b.jpg
INFO: [ app_init ] --START--
INFO: Run Behavior\BuildLiteBehavior [ RunTime:0.000000s ]
INFO: [ app_init ] --END-- [ RunTime:0.001000s ]

[ 2016-11-12T09:23:05+08:00 ] 127.0.0.1 /public/Home/Upload/2016-11-09/582285186c25d.jpg
INFO: [ app_init ] --START--
INFO: Run Behavior\BuildLiteBehavior [ RunTime:0.000000s ]
INFO: [ app_init ] --END-- [ RunTime:0.000000s ]

[ 2016-11-12T09:23:05+08:00 ] 127.0.0.1 /public/Home/Upload/2016-11-09/5822840fa4055.jpg
INFO: [ app_init ] --START--
INFO: Run Behavior\BuildLiteBehavior [ RunTime:0.000000s ]
INFO: [ app_init ] --END-- [ RunTime:0.001000s ]

[ 2016-11-12T09:23:05+08:00 ] 127.0.0.1 /public/Home/Upload/2016-11-09/582284f7b1456.jpg
INFO: [ app_init ] --START--
INFO: Run Behavior\BuildLiteBehavior [ RunTime:0.000000s ]
INFO: [ app_init ] --END-- [ RunTime:0.000000s ]

[ 2016-11-12T09:23:05+08:00 ] 127.0.0.1 /public/Home/Upload/2016-11-09/582284900f6c4.jpg
INFO: [ app_init ] --START--
INFO: Run Behavior\BuildLiteBehavior [ RunTime:0.000000s ]
INFO: [ app_init ] --END-- [ RunTime:0.001000s ]

[ 2016-11-12T09:23:05+08:00 ] 127.0.0.1 /public/Home/Upload/2016-11-09/582285bc68d28.jpg
INFO: [ app_init ] --START--
INFO: Run Behavior\BuildLiteBehavior [ RunTime:0.000000s ]
INFO: [ app_init ] --END-- [ RunTime:0.000000s ]

[ 2016-11-12T09:23:05+08:00 ] 127.0.0.1 /public/Home/Upload/2016-11-09/582285a4c11d8.jpg
INFO: [ app_init ] --START--
INFO: Run Behavior\BuildLiteBehavior [ RunTime:0.000000s ]
INFO: [ app_init ] --END-- [ RunTime:0.000000s ]

[ 2016-11-12T09:23:05+08:00 ] 127.0.0.1 /public/Home/Upload/2016-11-09/582285ff530d3.jpg
INFO: [ app_init ] --START--
INFO: Run Behavior\BuildLiteBehavior [ RunTime:0.000000s ]
INFO: [ app_init ] --END-- [ RunTime:0.001000s ]

[ 2016-11-12T09:23:05+08:00 ] 127.0.0.1 /public/Home/Upload/2016-11-09/5822855f02331.jpg
INFO: [ app_init ] --START--
INFO: Run Behavior\BuildLiteBehavior [ RunTime:0.000000s ]
INFO: [ app_init ] --END-- [ RunTime:0.001000s ]

[ 2016-11-12T09:23:05+08:00 ] 127.0.0.1 /public/Home/Upload/2016-11-09/5822857751a40.jpg
INFO: [ app_init ] --START--
INFO: Run Behavior\BuildLiteBehavior [ RunTime:0.000000s ]
INFO: [ app_init ] --END-- [ RunTime:0.000000s ]

[ 2016-11-12T09:23:05+08:00 ] 127.0.0.1 /public/Home/Upload/2016-11-09/582286695d525.jpg
INFO: [ app_init ] --START--
INFO: Run Behavior\BuildLiteBehavior [ RunTime:0.000000s ]
INFO: [ app_init ] --END-- [ RunTime:0.001000s ]

[ 2016-11-12T09:23:05+08:00 ] 127.0.0.1 /public/Home/Upload/2016-11-09/58228648dec03.jpg
INFO: [ app_init ] --START--
INFO: Run Behavior\BuildLiteBehavior [ RunTime:0.000000s ]
INFO: [ app_init ] --END-- [ RunTime:0.000000s ]

[ 2016-11-12T09:23:05+08:00 ] 127.0.0.1 /public/Home/Upload/2016-11-09/582286b288176.jpg
INFO: [ app_init ] --START--
INFO: Run Behavior\BuildLiteBehavior [ RunTime:0.000000s ]
INFO: [ app_init ] --END-- [ RunTime:0.000000s ]

[ 2016-11-12T09:23:06+08:00 ] 127.0.0.1 /public/Home/Upload/2016-11-09/5822853f37777.jpg
INFO: [ app_init ] --START--
INFO: Run Behavior\BuildLiteBehavior [ RunTime:0.000000s ]
INFO: [ app_init ] --END-- [ RunTime:0.000000s ]

[ 2016-11-12T09:23:16+08:00 ] 127.0.0.1 /public/Home/Upload/2016-11-09/582284900f6c4.jpg
INFO: [ app_init ] --START--
INFO: Run Behavior\BuildLiteBehavior [ RunTime:0.000000s ]
INFO: [ app_init ] --END-- [ RunTime:0.000000s ]

[ 2016-11-12T09:23:16+08:00 ] 127.0.0.1 /public/Home/Upload/2016-11-09/582285186c25d.jpg
INFO: [ app_init ] --START--
INFO: Run Behavior\BuildLiteBehavior [ RunTime:0.000000s ]
INFO: [ app_init ] --END-- [ RunTime:0.000000s ]

[ 2016-11-12T09:23:16+08:00 ] 127.0.0.1 /public/Home/Upload/2016-11-09/582284f7b1456.jpg
INFO: [ app_init ] --START--
INFO: Run Behavior\BuildLiteBehavior [ RunTime:0.000000s ]
INFO: [ app_init ] --END-- [ RunTime:0.000000s ]

[ 2016-11-12T09:23:16+08:00 ] 127.0.0.1 /public/Home/Upload/2016-11-09/582284bf0805b.jpg
INFO: [ app_init ] --START--
INFO: Run Behavior\BuildLiteBehavior [ RunTime:0.000000s ]
INFO: [ app_init ] --END-- [ RunTime:0.001000s ]

[ 2016-11-12T09:23:16+08:00 ] 127.0.0.1 /public/Home/Upload/2016-11-09/5822840fa4055.jpg
INFO: [ app_init ] --START--
INFO: Run Behavior\BuildLiteBehavior [ RunTime:0.000000s ]
INFO: [ app_init ] --END-- [ RunTime:0.001001s ]

[ 2016-11-12T09:23:16+08:00 ] 127.0.0.1 /public/Home/Upload/2016-11-09/5822855f02331.jpg
INFO: [ app_init ] --START--
INFO: Run Behavior\BuildLiteBehavior [ RunTime:0.000000s ]
INFO: [ app_init ] --END-- [ RunTime:0.001000s ]

[ 2016-11-12T09:23:16+08:00 ] 127.0.0.1 /public/Home/Upload/2016-11-09/582285a4c11d8.jpg
INFO: [ app_init ] --START--
INFO: Run Behavior\BuildLiteBehavior [ RunTime:0.000000s ]
INFO: [ app_init ] --END-- [ RunTime:0.000000s ]

[ 2016-11-12T09:23:16+08:00 ] 127.0.0.1 /public/Home/Upload/2016-11-09/582285bc68d28.jpg
INFO: [ app_init ] --START--
INFO: Run Behavior\BuildLiteBehavior [ RunTime:0.000000s ]
INFO: [ app_init ] --END-- [ RunTime:0.000000s ]

[ 2016-11-12T09:23:16+08:00 ] 127.0.0.1 /public/Home/Upload/2016-11-09/582285ff530d3.jpg
INFO: [ app_init ] --START--
INFO: Run Behavior\BuildLiteBehavior [ RunTime:0.000000s ]
INFO: [ app_init ] --END-- [ RunTime:0.001001s ]

[ 2016-11-12T09:23:16+08:00 ] 127.0.0.1 /public/Home/Upload/2016-11-09/5822857751a40.jpg
INFO: [ app_init ] --START--
INFO: Run Behavior\BuildLiteBehavior [ RunTime:0.000000s ]
INFO: [ app_init ] --END-- [ RunTime:0.001001s ]

[ 2016-11-12T09:23:16+08:00 ] 127.0.0.1 /public/Home/Upload/2016-11-09/58228648dec03.jpg
INFO: [ app_init ] --START--
INFO: Run Behavior\BuildLiteBehavior [ RunTime:0.000000s ]
INFO: [ app_init ] --END-- [ RunTime:0.001000s ]

[ 2016-11-12T09:23:16+08:00 ] 127.0.0.1 /public/Home/Upload/2016-11-09/582286b288176.jpg
INFO: [ app_init ] --START--
INFO: Run Behavior\BuildLiteBehavior [ RunTime:0.000000s ]
INFO: [ app_init ] --END-- [ RunTime:0.000000s ]

[ 2016-11-12T09:23:16+08:00 ] 127.0.0.1 /public/Home/Upload/2016-11-09/582286695d525.jpg
INFO: [ app_init ] --START--
INFO: Run Behavior\BuildLiteBehavior [ RunTime:0.000000s ]
INFO: [ app_init ] --END-- [ RunTime:0.000000s ]

[ 2016-11-12T09:23:17+08:00 ] 127.0.0.1 /public/Home/Upload/2016-11-09/5822853f37777.jpg
INFO: [ app_init ] --START--
INFO: Run Behavior\BuildLiteBehavior [ RunTime:0.000000s ]
INFO: [ app_init ] --END-- [ RunTime:0.000000s ]

[ 2016-11-12T09:23:19+08:00 ] 127.0.0.1 /public/Home/Upload/2016-11-09/582284bf0805b.jpg
INFO: [ app_init ] --START--
INFO: Run Behavior\BuildLiteBehavior [ RunTime:0.000000s ]
INFO: [ app_init ] --END-- [ RunTime:0.001000s ]

[ 2016-11-12T09:23:19+08:00 ] 127.0.0.1 /public/Home/Upload/2016-11-09/582285186c25d.jpg
INFO: [ app_init ] --START--
INFO: Run Behavior\BuildLiteBehavior [ RunTime:0.000000s ]
INFO: [ app_init ] --END-- [ RunTime:0.001000s ]

[ 2016-11-12T09:23:19+08:00 ] 127.0.0.1 /public/Home/Upload/2016-11-09/582284900f6c4.jpg
INFO: [ app_init ] --START--
INFO: Run Behavior\BuildLiteBehavior [ RunTime:0.000000s ]
INFO: [ app_init ] --END-- [ RunTime:0.001000s ]

[ 2016-11-12T09:23:19+08:00 ] 127.0.0.1 /public/Home/Upload/2016-11-09/5822840fa4055.jpg
INFO: [ app_init ] --START--
INFO: Run Behavior\BuildLiteBehavior [ RunTime:0.000000s ]
INFO: [ app_init ] --END-- [ RunTime:0.001000s ]

[ 2016-11-12T09:23:19+08:00 ] 127.0.0.1 /public/Home/Upload/2016-11-09/582284f7b1456.jpg
INFO: [ app_init ] --START--
INFO: Run Behavior\BuildLiteBehavior [ RunTime:0.000000s ]
INFO: [ app_init ] --END-- [ RunTime:0.001000s ]

[ 2016-11-12T09:23:19+08:00 ] 127.0.0.1 /public/Home/Upload/2016-11-09/5822857751a40.jpg
INFO: [ app_init ] --START--
INFO: Run Behavior\BuildLiteBehavior [ RunTime:0.000000s ]
INFO: [ app_init ] --END-- [ RunTime:0.000000s ]

[ 2016-11-12T09:23:19+08:00 ] 127.0.0.1 /public/Home/Upload/2016-11-09/582285a4c11d8.jpg
INFO: [ app_init ] --START--
INFO: Run Behavior\BuildLiteBehavior [ RunTime:0.000000s ]
INFO: [ app_init ] --END-- [ RunTime:0.000000s ]

[ 2016-11-12T09:23:19+08:00 ] 127.0.0.1 /public/Home/Upload/2016-11-09/582285bc68d28.jpg
INFO: [ app_init ] --START--
INFO: Run Behavior\BuildLiteBehavior [ RunTime:0.000000s ]
INFO: [ app_init ] --END-- [ RunTime:0.001000s ]

[ 2016-11-12T09:23:19+08:00 ] 127.0.0.1 /public/Home/Upload/2016-11-09/5822855f02331.jpg
INFO: [ app_init ] --START--
INFO: Run Behavior\BuildLiteBehavior [ RunTime:0.000000s ]
INFO: [ app_init ] --END-- [ RunTime:0.000000s ]

[ 2016-11-12T09:23:19+08:00 ] 127.0.0.1 /public/Home/Upload/2016-11-09/582285ff530d3.jpg
INFO: [ app_init ] --START--
INFO: Run Behavior\BuildLiteBehavior [ RunTime:0.000000s ]
INFO: [ app_init ] --END-- [ RunTime:0.001000s ]

[ 2016-11-12T09:23:19+08:00 ] 127.0.0.1 /public/Home/Upload/2016-11-09/58228648dec03.jpg
INFO: [ app_init ] --START--
INFO: Run Behavior\BuildLiteBehavior [ RunTime:0.000000s ]
INFO: [ app_init ] --END-- [ RunTime:0.001000s ]

[ 2016-11-12T09:23:19+08:00 ] 127.0.0.1 /public/Home/Upload/2016-11-09/582286695d525.jpg
INFO: [ app_init ] --START--
INFO: Run Behavior\BuildLiteBehavior [ RunTime:0.000000s ]
INFO: [ app_init ] --END-- [ RunTime:0.000000s ]

[ 2016-11-12T09:23:19+08:00 ] 127.0.0.1 /public/Home/Upload/2016-11-09/582286b288176.jpg
INFO: [ app_init ] --START--
INFO: Run Behavior\BuildLiteBehavior [ RunTime:0.000000s ]
INFO: [ app_init ] --END-- [ RunTime:0.001000s ]

[ 2016-11-12T09:23:20+08:00 ] 127.0.0.1 /public/Home/Upload/2016-11-09/5822853f37777.jpg
INFO: [ app_init ] --START--
INFO: Run Behavior\BuildLiteBehavior [ RunTime:0.000000s ]
INFO: [ app_init ] --END-- [ RunTime:0.000000s ]

[ 2016-11-12T09:23:20+08:00 ] 127.0.0.1 /public/Home/Upload/2016-11-09/582285186c25d.jpg
INFO: [ app_init ] --START--
INFO: Run Behavior\BuildLiteBehavior [ RunTime:0.000000s ]
INFO: [ app_init ] --END-- [ RunTime:0.001000s ]

[ 2016-11-12T09:23:20+08:00 ] 127.0.0.1 /public/Home/Upload/2016-11-09/582284f7b1456.jpg
INFO: [ app_init ] --START--
INFO: Run Behavior\BuildLiteBehavior [ RunTime:0.000000s ]
INFO: [ app_init ] --END-- [ RunTime:0.001000s ]

[ 2016-11-12T09:23:20+08:00 ] 127.0.0.1 /public/Home/Upload/2016-11-09/5822840fa4055.jpg
INFO: [ app_init ] --START--
INFO: Run Behavior\BuildLiteBehavior [ RunTime:0.000000s ]
INFO: [ app_init ] --END-- [ RunTime:0.000000s ]

[ 2016-11-12T09:23:20+08:00 ] 127.0.0.1 /public/Home/Upload/2016-11-09/582284900f6c4.jpg
INFO: [ app_init ] --START--
INFO: Run Behavior\BuildLiteBehavior [ RunTime:0.000000s ]
INFO: [ app_init ] --END-- [ RunTime:0.001000s ]

[ 2016-11-12T09:23:20+08:00 ] 127.0.0.1 /public/Home/Upload/2016-11-09/5822857751a40.jpg
INFO: [ app_init ] --START--
INFO: Run Behavior\BuildLiteBehavior [ RunTime:0.000000s ]
INFO: [ app_init ] --END-- [ RunTime:0.000000s ]

[ 2016-11-12T09:23:20+08:00 ] 127.0.0.1 /public/Home/Upload/2016-11-09/582285ff530d3.jpg
INFO: [ app_init ] --START--
INFO: Run Behavior\BuildLiteBehavior [ RunTime:0.000000s ]
INFO: [ app_init ] --END-- [ RunTime:0.000000s ]

[ 2016-11-12T09:23:20+08:00 ] 127.0.0.1 /public/Home/Upload/2016-11-09/5822855f02331.jpg
INFO: [ app_init ] --START--
INFO: Run Behavior\BuildLiteBehavior [ RunTime:0.000000s ]
INFO: [ app_init ] --END-- [ RunTime:0.000000s ]

[ 2016-11-12T09:23:20+08:00 ] 127.0.0.1 /public/Home/Upload/2016-11-09/582285bc68d28.jpg
INFO: [ app_init ] --START--
INFO: Run Behavior\BuildLiteBehavior [ RunTime:0.000000s ]
INFO: [ app_init ] --END-- [ RunTime:0.000000s ]

[ 2016-11-12T09:23:20+08:00 ] 127.0.0.1 /public/Home/Upload/2016-11-09/582285a4c11d8.jpg
INFO: [ app_init ] --START--
INFO: Run Behavior\BuildLiteBehavior [ RunTime:0.000000s ]
INFO: [ app_init ] --END-- [ RunTime:0.000000s ]

[ 2016-11-12T09:23:20+08:00 ] 127.0.0.1 /public/Home/Upload/2016-11-09/5822853f37777.jpg
INFO: [ app_init ] --START--
INFO: Run Behavior\BuildLiteBehavior [ RunTime:0.000000s ]
INFO: [ app_init ] --END-- [ RunTime:0.001000s ]

[ 2016-11-12T09:23:20+08:00 ] 127.0.0.1 /public/Home/Upload/2016-11-09/582286695d525.jpg
INFO: [ app_init ] --START--
INFO: Run Behavior\BuildLiteBehavior [ RunTime:0.001000s ]
INFO: [ app_init ] --END-- [ RunTime:0.001000s ]

[ 2016-11-12T09:23:20+08:00 ] 127.0.0.1 /public/Home/Upload/2016-11-09/582286b288176.jpg
INFO: [ app_init ] --START--
INFO: Run Behavior\BuildLiteBehavior [ RunTime:0.000000s ]
INFO: [ app_init ] --END-- [ RunTime:0.001000s ]

[ 2016-11-12T09:23:20+08:00 ] 127.0.0.1 /public/Home/Upload/2016-11-09/58228648dec03.jpg
INFO: [ app_init ] --START--
INFO: Run Behavior\BuildLiteBehavior [ RunTime:0.000000s ]
INFO: [ app_init ] --END-- [ RunTime:0.001000s ]

[ 2016-11-12T09:23:21+08:00 ] 127.0.0.1 /public/Home/Upload/2016-11-09/582284bf0805b.jpg
INFO: [ app_init ] --START--
INFO: Run Behavior\BuildLiteBehavior [ RunTime:0.000000s ]
INFO: [ app_init ] --END-- [ RunTime:0.001000s ]

[ 2016-11-12T09:23:21+08:00 ] 127.0.0.1 /public/Home/Upload/2016-11-09/582284bf0805b.jpg
INFO: [ app_init ] --START--
INFO: Run Behavior\BuildLiteBehavior [ RunTime:0.000000s ]
INFO: [ app_init ] --END-- [ RunTime:0.000000s ]

[ 2016-11-12T09:23:21+08:00 ] 127.0.0.1 /public/Home/Upload/2016-11-09/582284f7b1456.jpg
INFO: [ app_init ] --START--
INFO: Run Behavior\BuildLiteBehavior [ RunTime:0.000000s ]
INFO: [ app_init ] --END-- [ RunTime:0.000000s ]

[ 2016-11-12T09:23:21+08:00 ] 127.0.0.1 /public/Home/Upload/2016-11-09/582285186c25d.jpg
INFO: [ app_init ] --START--
INFO: Run Behavior\BuildLiteBehavior [ RunTime:0.000000s ]
INFO: [ app_init ] --END-- [ RunTime:0.001000s ]

[ 2016-11-12T09:23:21+08:00 ] 127.0.0.1 /public/Home/Upload/2016-11-09/582284900f6c4.jpg
INFO: [ app_init ] --START--
INFO: Run Behavior\BuildLiteBehavior [ RunTime:0.000000s ]
INFO: [ app_init ] --END-- [ RunTime:0.001000s ]

[ 2016-11-12T09:23:21+08:00 ] 127.0.0.1 /public/Home/Upload/2016-11-09/5822840fa4055.jpg
INFO: [ app_init ] --START--
INFO: Run Behavior\BuildLiteBehavior [ RunTime:0.000000s ]
INFO: [ app_init ] --END-- [ RunTime:0.001001s ]

[ 2016-11-12T09:23:21+08:00 ] 127.0.0.1 /public/Home/Upload/2016-11-09/5822855f02331.jpg
INFO: [ app_init ] --START--
INFO: Run Behavior\BuildLiteBehavior [ RunTime:0.000000s ]
INFO: [ app_init ] --END-- [ RunTime:0.000000s ]

[ 2016-11-12T09:23:21+08:00 ] 127.0.0.1 /public/Home/Upload/2016-11-09/5822857751a40.jpg
INFO: [ app_init ] --START--
INFO: Run Behavior\BuildLiteBehavior [ RunTime:0.000000s ]
INFO: [ app_init ] --END-- [ RunTime:0.000000s ]

[ 2016-11-12T09:23:21+08:00 ] 127.0.0.1 /public/Home/Upload/2016-11-09/582285bc68d28.jpg
INFO: [ app_init ] --START--
INFO: Run Behavior\BuildLiteBehavior [ RunTime:0.000000s ]
INFO: [ app_init ] --END-- [ RunTime:0.000000s ]

[ 2016-11-12T09:23:21+08:00 ] 127.0.0.1 /public/Home/Upload/2016-11-09/582285a4c11d8.jpg
INFO: [ app_init ] --START--
INFO: Run Behavior\BuildLiteBehavior [ RunTime:0.000000s ]
INFO: [ app_init ] --END-- [ RunTime:0.001000s ]

[ 2016-11-12T09:23:21+08:00 ] 127.0.0.1 /public/Home/Upload/2016-11-09/582285ff530d3.jpg
INFO: [ app_init ] --START--
INFO: Run Behavior\BuildLiteBehavior [ RunTime:0.000000s ]
INFO: [ app_init ] --END-- [ RunTime:0.001000s ]

[ 2016-11-12T09:23:21+08:00 ] 127.0.0.1 /public/Home/Upload/2016-11-09/58228648dec03.jpg
INFO: [ app_init ] --START--
INFO: Run Behavior\BuildLiteBehavior [ RunTime:0.000000s ]
INFO: [ app_init ] --END-- [ RunTime:0.000000s ]

[ 2016-11-12T09:23:21+08:00 ] 127.0.0.1 /public/Home/Upload/2016-11-09/582286695d525.jpg
INFO: [ app_init ] --START--
INFO: Run Behavior\BuildLiteBehavior [ RunTime:0.000000s ]
INFO: [ app_init ] --END-- [ RunTime:0.000000s ]

[ 2016-11-12T09:23:21+08:00 ] 127.0.0.1 /public/Home/Upload/2016-11-09/582286b288176.jpg
INFO: [ app_init ] --START--
INFO: Run Behavior\BuildLiteBehavior [ RunTime:0.000000s ]
INFO: [ app_init ] --END-- [ RunTime:0.000000s ]

[ 2016-11-12T09:23:22+08:00 ] 127.0.0.1 /public/Home/Upload/2016-11-09/5822840fa4055.jpg
INFO: [ app_init ] --START--
INFO: Run Behavior\BuildLiteBehavior [ RunTime:0.000000s ]
INFO: [ app_init ] --END-- [ RunTime:0.000000s ]

[ 2016-11-12T09:23:22+08:00 ] 127.0.0.1 /public/Home/Upload/2016-11-09/582284f7b1456.jpg
INFO: [ app_init ] --START--
INFO: Run Behavior\BuildLiteBehavior [ RunTime:0.000000s ]
INFO: [ app_init ] --END-- [ RunTime:0.000000s ]

[ 2016-11-12T09:23:22+08:00 ] 127.0.0.1 /public/Home/Upload/2016-11-09/582285186c25d.jpg
INFO: [ app_init ] --START--
INFO: Run Behavior\BuildLiteBehavior [ RunTime:0.000000s ]
INFO: [ app_init ] --END-- [ RunTime:0.000000s ]

[ 2016-11-12T09:23:22+08:00 ] 127.0.0.1 /public/Home/Upload/2016-11-09/582284bf0805b.jpg
INFO: [ app_init ] --START--
INFO: Run Behavior\BuildLiteBehavior [ RunTime:0.000000s ]
INFO: [ app_init ] --END-- [ RunTime:0.001000s ]

[ 2016-11-12T09:23:22+08:00 ] 127.0.0.1 /public/Home/Upload/2016-11-09/582284900f6c4.jpg
INFO: [ app_init ] --START--
INFO: Run Behavior\BuildLiteBehavior [ RunTime:0.000000s ]
INFO: [ app_init ] --END-- [ RunTime:0.001000s ]

[ 2016-11-12T09:23:22+08:00 ] 127.0.0.1 /public/Home/Upload/2016-11-09/5822855f02331.jpg
INFO: [ app_init ] --START--
INFO: Run Behavior\BuildLiteBehavior [ RunTime:0.000000s ]
INFO: [ app_init ] --END-- [ RunTime:0.000000s ]

[ 2016-11-12T09:23:22+08:00 ] 127.0.0.1 /public/Home/Upload/2016-11-09/5822857751a40.jpg
INFO: [ app_init ] --START--
INFO: Run Behavior\BuildLiteBehavior [ RunTime:0.000000s ]
INFO: [ app_init ] --END-- [ RunTime:0.001000s ]

[ 2016-11-12T09:23:22+08:00 ] 127.0.0.1 /public/Home/Upload/2016-11-09/582285ff530d3.jpg
INFO: [ app_init ] --START--
INFO: Run Behavior\BuildLiteBehavior [ RunTime:0.000000s ]
INFO: [ app_init ] --END-- [ RunTime:0.000000s ]

[ 2016-11-12T09:23:22+08:00 ] 127.0.0.1 /public/Home/Upload/2016-11-09/582285a4c11d8.jpg
INFO: [ app_init ] --START--
INFO: Run Behavior\BuildLiteBehavior [ RunTime:0.000000s ]
INFO: [ app_init ] --END-- [ RunTime:0.001000s ]

[ 2016-11-12T09:23:22+08:00 ] 127.0.0.1 /public/Home/Upload/2016-11-09/58228648dec03.jpg
INFO: [ app_init ] --START--
INFO: Run Behavior\BuildLiteBehavior [ RunTime:0.000000s ]
INFO: [ app_init ] --END-- [ RunTime:0.001001s ]

[ 2016-11-12T09:23:22+08:00 ] 127.0.0.1 /public/Home/Upload/2016-11-09/582286695d525.jpg
INFO: [ app_init ] --START--
INFO: Run Behavior\BuildLiteBehavior [ RunTime:0.000000s ]
INFO: [ app_init ] --END-- [ RunTime:0.000000s ]

[ 2016-11-12T09:23:22+08:00 ] 127.0.0.1 /public/Home/Upload/2016-11-09/582286b288176.jpg
INFO: [ app_init ] --START--
INFO: Run Behavior\BuildLiteBehavior [ RunTime:0.000000s ]
INFO: [ app_init ] --END-- [ RunTime:0.001000s ]

[ 2016-11-12T09:23:22+08:00 ] 127.0.0.1 /public/Home/Upload/2016-11-09/5822853f37777.jpg
INFO: [ app_init ] --START--
INFO: Run Behavior\BuildLiteBehavior [ RunTime:0.000000s ]
INFO: [ app_init ] --END-- [ RunTime:0.000000s ]

[ 2016-11-12T09:23:23+08:00 ] 127.0.0.1 /public/Home/Upload/2016-11-09/5822853f37777.jpg
INFO: [ app_init ] --START--
INFO: Run Behavior\BuildLiteBehavior [ RunTime:0.000000s ]
INFO: [ app_init ] --END-- [ RunTime:0.001000s ]

[ 2016-11-12T09:25:42+08:00 ] 127.0.0.1 /public/Home/Upload/2016-11-09/582284900f6c4.jpg
INFO: [ app_init ] --START--
INFO: Run Behavior\BuildLiteBehavior [ RunTime:0.000000s ]
INFO: [ app_init ] --END-- [ RunTime:0.001000s ]

[ 2016-11-12T09:25:42+08:00 ] 127.0.0.1 /public/Home/Upload/2016-11-09/5822840fa4055.jpg
INFO: [ app_init ] --START--
INFO: Run Behavior\BuildLiteBehavior [ RunTime:0.000000s ]
INFO: [ app_init ] --END-- [ RunTime:0.001000s ]

[ 2016-11-12T09:25:42+08:00 ] 127.0.0.1 /public/Home/Upload/2016-11-09/582284f7b1456.jpg
INFO: [ app_init ] --START--
INFO: Run Behavior\BuildLiteBehavior [ RunTime:0.000000s ]
INFO: [ app_init ] --END-- [ RunTime:0.001000s ]

[ 2016-11-12T09:25:42+08:00 ] 127.0.0.1 /public/Home/Upload/2016-11-09/582284bf0805b.jpg
INFO: [ app_init ] --START--
INFO: Run Behavior\BuildLiteBehavior [ RunTime:0.000000s ]
INFO: [ app_init ] --END-- [ RunTime:0.002000s ]

[ 2016-11-12T09:25:42+08:00 ] 127.0.0.1 /public/Home/Upload/2016-11-09/582285186c25d.jpg
INFO: [ app_init ] --START--
INFO: Run Behavior\BuildLiteBehavior [ RunTime:0.000000s ]
INFO: [ app_init ] --END-- [ RunTime:0.000000s ]

[ 2016-11-12T09:25:42+08:00 ] 127.0.0.1 /public/Home/Upload/2016-11-09/582285a4c11d8.jpg
INFO: [ app_init ] --START--
INFO: Run Behavior\BuildLiteBehavior [ RunTime:0.000000s ]
INFO: [ app_init ] --END-- [ RunTime:0.000000s ]

[ 2016-11-12T09:25:42+08:00 ] 127.0.0.1 /public/Home/Upload/2016-11-09/582285ff530d3.jpg
INFO: [ app_init ] --START--
INFO: Run Behavior\BuildLiteBehavior [ RunTime:0.000000s ]
INFO: [ app_init ] --END-- [ RunTime:0.000000s ]

[ 2016-11-12T09:25:42+08:00 ] 127.0.0.1 /public/Home/Upload/2016-11-09/5822855f02331.jpg
INFO: [ app_init ] --START--
INFO: Run Behavior\BuildLiteBehavior [ RunTime:0.000000s ]
INFO: [ app_init ] --END-- [ RunTime:0.000000s ]

[ 2016-11-12T09:25:42+08:00 ] 127.0.0.1 /public/Home/Upload/2016-11-09/582285bc68d28.jpg
INFO: [ app_init ] --START--
INFO: Run Behavior\BuildLiteBehavior [ RunTime:0.000000s ]
INFO: [ app_init ] --END-- [ RunTime:0.001000s ]

[ 2016-11-12T09:25:42+08:00 ] 127.0.0.1 /public/Home/Upload/2016-11-09/5822857751a40.jpg
INFO: [ app_init ] --START--
INFO: Run Behavior\BuildLiteBehavior [ RunTime:0.000000s ]
INFO: [ app_init ] --END-- [ RunTime:0.000000s ]

[ 2016-11-12T09:25:42+08:00 ] 127.0.0.1 /public/Home/Upload/2016-11-09/58228648dec03.jpg
INFO: [ app_init ] --START--
INFO: Run Behavior\BuildLiteBehavior [ RunTime:0.000000s ]
INFO: [ app_init ] --END-- [ RunTime:0.001000s ]

[ 2016-11-12T09:25:42+08:00 ] 127.0.0.1 /public/Home/Upload/2016-11-09/582286b288176.jpg
INFO: [ app_init ] --START--
INFO: Run Behavior\BuildLiteBehavior [ RunTime:0.000000s ]
INFO: [ app_init ] --END-- [ RunTime:0.000000s ]

[ 2016-11-12T09:25:42+08:00 ] 127.0.0.1 /public/Home/Upload/2016-11-09/582286695d525.jpg
INFO: [ app_init ] --START--
INFO: Run Behavior\BuildLiteBehavior [ RunTime:0.000000s ]
INFO: [ app_init ] --END-- [ RunTime:0.001000s ]

[ 2016-11-12T09:25:42+08:00 ] 127.0.0.1 /public/Home/Upload/2016-11-09/5822853f37777.jpg
INFO: [ app_init ] --START--
INFO: Run Behavior\BuildLiteBehavior [ RunTime:0.001000s ]
INFO: [ app_init ] --END-- [ RunTime:0.001000s ]

[ 2016-11-12T09:25:46+08:00 ] 127.0.0.1 /public/Home/Upload/2016-11-09/5822840fa4055.jpg
INFO: [ app_init ] --START--
INFO: Run Behavior\BuildLiteBehavior [ RunTime:0.000000s ]
INFO: [ app_init ] --END-- [ RunTime:0.000000s ]

[ 2016-11-12T09:25:46+08:00 ] 127.0.0.1 /public/Home/Upload/2016-11-09/582285186c25d.jpg
INFO: [ app_init ] --START--
INFO: Run Behavior\BuildLiteBehavior [ RunTime:0.000000s ]
INFO: [ app_init ] --END-- [ RunTime:0.000000s ]

[ 2016-11-12T09:25:46+08:00 ] 127.0.0.1 /public/Home/Upload/2016-11-09/582284900f6c4.jpg
INFO: [ app_init ] --START--
INFO: Run Behavior\BuildLiteBehavior [ RunTime:0.000000s ]
INFO: [ app_init ] --END-- [ RunTime:0.001000s ]

[ 2016-11-12T09:25:46+08:00 ] 127.0.0.1 /public/Home/Upload/2016-11-09/582284f7b1456.jpg
INFO: [ app_init ] --START--
INFO: Run Behavior\BuildLiteBehavior [ RunTime:0.000000s ]
INFO: [ app_init ] --END-- [ RunTime:0.001000s ]

[ 2016-11-12T09:25:46+08:00 ] 127.0.0.1 /public/Home/Upload/2016-11-09/582284bf0805b.jpg
INFO: [ app_init ] --START--
INFO: Run Behavior\BuildLiteBehavior [ RunTime:0.000000s ]
INFO: [ app_init ] --END-- [ RunTime:0.000000s ]

[ 2016-11-12T09:25:46+08:00 ] 127.0.0.1 /public/Home/Upload/2016-11-09/5822855f02331.jpg
INFO: [ app_init ] --START--
INFO: Run Behavior\BuildLiteBehavior [ RunTime:0.000000s ]
INFO: [ app_init ] --END-- [ RunTime:0.000000s ]

[ 2016-11-12T09:25:46+08:00 ] 127.0.0.1 /public/Home/Upload/2016-11-09/582285ff530d3.jpg
INFO: [ app_init ] --START--
INFO: Run Behavior\BuildLiteBehavior [ RunTime:0.000000s ]
INFO: [ app_init ] --END-- [ RunTime:0.001000s ]

[ 2016-11-12T09:25:46+08:00 ] 127.0.0.1 /public/Home/Upload/2016-11-09/582285bc68d28.jpg
INFO: [ app_init ] --START--
INFO: Run Behavior\BuildLiteBehavior [ RunTime:0.000000s ]
INFO: [ app_init ] --END-- [ RunTime:0.001001s ]

[ 2016-11-12T09:25:46+08:00 ] 127.0.0.1 /public/Home/Upload/2016-11-09/5822857751a40.jpg
INFO: [ app_init ] --START--
INFO: Run Behavior\BuildLiteBehavior [ RunTime:0.000000s ]
INFO: [ app_init ] --END-- [ RunTime:0.001001s ]

[ 2016-11-12T09:25:46+08:00 ] 127.0.0.1 /public/Home/Upload/2016-11-09/582285a4c11d8.jpg
INFO: [ app_init ] --START--
INFO: Run Behavior\BuildLiteBehavior [ RunTime:0.000000s ]
INFO: [ app_init ] --END-- [ RunTime:0.000000s ]

[ 2016-11-12T09:25:46+08:00 ] 127.0.0.1 /public/Home/Upload/2016-11-09/58228648dec03.jpg
INFO: [ app_init ] --START--
INFO: Run Behavior\BuildLiteBehavior [ RunTime:0.000000s ]
INFO: [ app_init ] --END-- [ RunTime:0.001000s ]

[ 2016-11-12T09:25:46+08:00 ] 127.0.0.1 /public/Home/Upload/2016-11-09/582286695d525.jpg
INFO: [ app_init ] --START--
INFO: Run Behavior\BuildLiteBehavior [ RunTime:0.000000s ]
INFO: [ app_init ] --END-- [ RunTime:0.000000s ]

[ 2016-11-12T09:25:46+08:00 ] 127.0.0.1 /public/Home/Upload/2016-11-09/582286b288176.jpg
INFO: [ app_init ] --START--
INFO: Run Behavior\BuildLiteBehavior [ RunTime:0.000000s ]
INFO: [ app_init ] --END-- [ RunTime:0.001000s ]

[ 2016-11-12T09:25:47+08:00 ] 127.0.0.1 /public/Home/Upload/2016-11-09/5822853f37777.jpg
INFO: [ app_init ] --START--
INFO: Run Behavior\BuildLiteBehavior [ RunTime:0.000000s ]
INFO: [ app_init ] --END-- [ RunTime:0.000000s ]

[ 2016-11-12T09:30:10+08:00 ] 127.0.0.1 /Public/Home/css/__PUBLIC__/Home/images/loading-16-16.gif
INFO: [ app_init ] --START--
INFO: Run Behavior\BuildLiteBehavior [ RunTime:0.000000s ]
INFO: [ app_init ] --END-- [ RunTime:0.001000s ]

[ 2016-11-12T09:33:17+08:00 ] 127.0.0.1 /Public/home/css/f.ico
INFO: [ app_init ] --START--
INFO: Run Behavior\BuildLiteBehavior [ RunTime:0.000000s ]
INFO: [ app_init ] --END-- [ RunTime:0.000000s ]

[ 2016-11-12T09:34:02+08:00 ] 127.0.0.1 /Public/Admin/images/button_bg.gif
INFO: [ app_init ] --START--
INFO: Run Behavior\BuildLiteBehavior [ RunTime:0.000000s ]
INFO: [ app_init ] --END-- [ RunTime:0.001000s ]

[ 2016-11-12T09:34:03+08:00 ] 127.0.0.1 /Public/Admin/images/button_bg.gif
INFO: [ app_init ] --START--
INFO: Run Behavior\BuildLiteBehavior [ RunTime:0.000000s ]
INFO: [ app_init ] --END-- [ RunTime:0.001000s ]

[ 2016-11-12T09:53:27+08:00 ] 127.0.0.1 /Public/Home/js/jquery.vegas.min.js
INFO: [ app_init ] --START--
INFO: Run Behavior\BuildLiteBehavior [ RunTime:0.000000s ]
INFO: [ app_init ] --END-- [ RunTime:0.001000s ]
INFO: [ app_begin ] --START--
INFO: Run Behavior\ReadHtmlCacheBehavior [ RunTime:0.000000s ]
INFO: [ app_begin ] --END-- [ RunTime:0.000000s ]
ERR: 无法加载控制器:Home

[ 2016-11-12T09:55:17+08:00 ] 127.0.0.1 /Public/Home/js/jquery.vegas.min.js
INFO: [ app_init ] --START--
INFO: Run Behavior\BuildLiteBehavior [ RunTime:0.000000s ]
INFO: [ app_init ] --END-- [ RunTime:0.001000s ]
INFO: [ app_begin ] --START--
INFO: Run Behavior\ReadHtmlCacheBehavior [ RunTime:0.001000s ]
INFO: [ app_begin ] --END-- [ RunTime:0.001000s ]
ERR: 无法加载控制器:Home

[ 2016-11-12T09:56:16+08:00 ] 127.0.0.1 /Public/Home/js/jquery.vegas.min.js
INFO: [ app_init ] --START--
INFO: Run Behavior\BuildLiteBehavior [ RunTime:0.000000s ]
INFO: [ app_init ] --END-- [ RunTime:0.000000s ]
INFO: [ app_begin ] --START--
INFO: Run Behavior\ReadHtmlCacheBehavior [ RunTime:0.001000s ]
INFO: [ app_begin ] --END-- [ RunTime:0.001000s ]
ERR: 无法加载控制器:Home

[ 2016-11-12T09:57:08+08:00 ] 127.0.0.1 /Public/Home/js/jquery.vegas.min.js
INFO: [ app_init ] --START--
INFO: Run Behavior\BuildLiteBehavior [ RunTime:0.001000s ]
INFO: [ app_init ] --END-- [ RunTime:0.001000s ]
INFO: [ app_begin ] --START--
INFO: Run Behavior\ReadHtmlCacheBehavior [ RunTime:0.000000s ]
INFO: [ app_begin ] --END-- [ RunTime:0.000000s ]
ERR: 无法加载控制器:Home

[ 2016-11-12T09:59:21+08:00 ] 127.0.0.1 /Public/Home/js/jquery.vegas.min.js
INFO: [ app_init ] --START--
INFO: Run Behavior\BuildLiteBehavior [ RunTime:0.000000s ]
INFO: [ app_init ] --END-- [ RunTime:0.000000s ]
INFO: [ app_begin ] --START--
INFO: Run Behavior\ReadHtmlCacheBehavior [ RunTime:0.000000s ]
INFO: [ app_begin ] --END-- [ RunTime:0.001000s ]
ERR: 无法加载控制器:Home

[ 2016-11-12T10:01:41+08:00 ] 127.0.0.1 /Public/Home/js/jquery.vegas.min.js
INFO: [ app_init ] --START--
INFO: Run Behavior\BuildLiteBehavior [ RunTime:0.000000s ]
INFO: [ app_init ] --END-- [ RunTime:0.001000s ]
INFO: [ app_begin ] --START--
INFO: Run Behavior\ReadHtmlCacheBehavior [ RunTime:0.001000s ]
INFO: [ app_begin ] --END-- [ RunTime:0.001000s ]
ERR: 无法加载控制器:Home

[ 2016-11-12T10:02:15+08:00 ] 127.0.0.1 /Public/Home/js/jquery.vegas.min.js
INFO: [ app_init ] --START--
INFO: Run Behavior\BuildLiteBehavior [ RunTime:0.000000s ]
INFO: [ app_init ] --END-- [ RunTime:0.001000s ]
INFO: [ app_begin ] --START--
INFO: Run Behavior\ReadHtmlCacheBehavior [ RunTime:0.000000s ]
INFO: [ app_begin ] --END-- [ RunTime:0.001000s ]
ERR: 无法加载控制器:Home

[ 2016-11-12T10:02:31+08:00 ] 127.0.0.1 /Public/Home/js/jquery.vegas.min.js
INFO: [ app_init ] --START--
INFO: Run Behavior\BuildLiteBehavior [ RunTime:0.000000s ]
INFO: [ app_init ] --END-- [ RunTime:0.000000s ]
INFO: [ app_begin ] --START--
INFO: Run Behavior\ReadHtmlCacheBehavior [ RunTime:0.001000s ]
INFO: [ app_begin ] --END-- [ RunTime:0.001000s ]
ERR: 无法加载控制器:Home

[ 2016-11-12T10:03:54+08:00 ] 127.0.0.1 /Public/Home/js/jquery.vegas.min.js
INFO: [ app_init ] --START--
INFO: Run Behavior\BuildLiteBehavior [ RunTime:0.000000s ]
INFO: [ app_init ] --END-- [ RunTime:0.000000s ]
INFO: [ app_begin ] --START--
INFO: Run Behavior\ReadHtmlCacheBehavior [ RunTime:0.000000s ]
INFO: [ app_begin ] --END-- [ RunTime:0.000000s ]
ERR: 无法加载控制器:Home

[ 2016-11-12T10:03:55+08:00 ] 127.0.0.1 /Public/Home/js/jquery.vegas.min.js
INFO: [ app_init ] --START--
INFO: Run Behavior\BuildLiteBehavior [ RunTime:0.000000s ]
INFO: [ app_init ] --END-- [ RunTime:0.001000s ]
INFO: [ app_begin ] --START--
INFO: Run Behavior\ReadHtmlCacheBehavior [ RunTime:0.000000s ]
INFO: [ app_begin ] --END-- [ RunTime:0.000000s ]
ERR: 无法加载控制器:Home

[ 2016-11-12T10:03:57+08:00 ] 127.0.0.1 /Public/Home/js/jquery.vegas.min.js
INFO: [ app_init ] --START--
INFO: Run Behavior\BuildLiteBehavior [ RunTime:0.000000s ]
INFO: [ app_init ] --END-- [ RunTime:0.001001s ]
INFO: [ app_begin ] --START--
INFO: Run Behavior\ReadHtmlCacheBehavior [ RunTime:0.000000s ]
INFO: [ app_begin ] --END-- [ RunTime:0.001000s ]
ERR: 无法加载控制器:Home

[ 2016-11-12T10:04:03+08:00 ] 127.0.0.1 /Public/Home/js/jquery.vegas.min.js
INFO: [ app_init ] --START--
INFO: Run Behavior\BuildLiteBehavior [ RunTime:0.000000s ]
INFO: [ app_init ] --END-- [ RunTime:0.001000s ]
INFO: [ app_begin ] --START--
INFO: Run Behavior\ReadHtmlCacheBehavior [ RunTime:0.000000s ]
INFO: [ app_begin ] --END-- [ RunTime:0.000000s ]
ERR: 无法加载控制器:Home

[ 2016-11-12T10:07:06+08:00 ] 127.0.0.1 /Public/Home/css/__PUBLIC__/Home/images/loading-16-16.gif
INFO: [ app_init ] --START--
INFO: Run Behavior\BuildLiteBehavior [ RunTime:0.000000s ]
INFO: [ app_init ] --END-- [ RunTime:0.001000s ]

[ 2016-11-12T11:13:02+08:00 ] 127.0.0.1 /Public/Home/css/__PUBLIC__/Home/images/loading-16-16.gif
INFO: [ app_init ] --START--
INFO: Run Behavior\BuildLiteBehavior [ RunTime:0.000000s ]
INFO: [ app_init ] --END-- [ RunTime:0.000000s ]

[ 2016-11-12T14:37:41+08:00 ] 127.0.0.1 /Public/Admin/images/button_bg.gif
INFO: [ app_init ] --START--
INFO: Run Behavior\BuildLiteBehavior [ RunTime:0.000000s ]
INFO: [ app_init ] --END-- [ RunTime:0.000500s ]

[ 2016-11-12T14:37:41+08:00 ] 127.0.0.1 /Public/Admin/images/button_bg.gif
INFO: [ app_init ] --START--
INFO: Run Behavior\BuildLiteBehavior [ RunTime:0.000000s ]
INFO: [ app_init ] --END-- [ RunTime:0.000500s ]

[ 2016-11-12T14:58:51+08:00 ] 127.0.0.1 /Public/Admin/images/button_bg.gif
INFO: [ app_init ] --START--
INFO: Run Behavior\BuildLiteBehavior [ RunTime:0.000000s ]
INFO: [ app_init ] --END-- [ RunTime:0.000500s ]

[ 2016-11-12T14:58:51+08:00 ] 127.0.0.1 /Public/Admin/images/icon_add.gif
INFO: [ app_init ] --START--
INFO: Run Behavior\BuildLiteBehavior [ RunTime:0.000000s ]
INFO: [ app_init ] --END-- [ RunTime:0.000501s ]

[ 2016-11-12T14:58:53+08:00 ] 127.0.0.1 /Public/Admin/images/th_bg.gif
INFO: [ app_init ] --START--
INFO: Run Behavior\BuildLiteBehavior [ RunTime:0.000000s ]
INFO: [ app_init ] --END-- [ RunTime:0.000500s ]

[ 2016-11-12T15:03:52+08:00 ] 127.0.0.1 /Public/Home/js/_article_navlist.js?v=2
INFO: [ app_init ] --START--
INFO: Run Behavior\BuildLiteBehavior [ RunTime:0.000500s ]
INFO: [ app_init ] --END-- [ RunTime:0.000500s ]
INFO: [ app_begin ] --START--
INFO: Run Behavior\ReadHtmlCacheBehavior [ RunTime:0.000500s ]
INFO: [ app_begin ] --END-- [ RunTime:0.000500s ]
ERR: 无法加载控制器:Home

